successfully obtained license
failed to connect to server
Working on case2848_rte: data_file = pglib-opf/pglib_opf_case2848_rte.m[warn | PowerModels]: active generators found at bus 21, updating to bus type from 1 to 2
[warn | PowerModels]: no active generators found at bus 1615, updating to bus type from 2 to 1
[warn | PowerModels]: active generators found at bus 1220, updating to bus type from 1 to 2
[warn | PowerModels]: no active generators found at bus 2312, updating to bus type from 2 to 1
[warn | PowerModels]: no active generators found at bus 2344, updating to bus type from 2 to 1
[warn | PowerModels]: no active generators found at bus 731, updating to bus type from 2 to 1
[warn | PowerModels]: no active generators found at bus 2274, updating to bus type from 2 to 1
[warn | PowerModels]: no active generators found at bus 2342, updating to bus type from 2 to 1
[warn | PowerModels]: active generators found at bus 962, updating to bus type from 1 to 2
[warn | PowerModels]: active generators found at bus 1398, updating to bus type from 1 to 2
[warn | PowerModels]: no active generators found at bus 2379, updating to bus type from 2 to 1
[warn | PowerModels]: active generators found at bus 1181, updating to bus type from 1 to 2
[warn | PowerModels]: active generators found at bus 958, updating to bus type from 1 to 2
[warn | PowerModels]: active generators found at bus 1655, updating to bus type from 1 to 2
[warn | PowerModels]: active generators found at bus 1280, updating to bus type from 1 to 2
[warn | PowerModels]: active generators found at bus 2754, updating to bus type from 1 to 2
[warn | PowerModels]: active generators found at bus 1160, updating to bus type from 1 to 2
[warn | PowerModels]: no active generators found at bus 2413, updating to bus type from 2 to 1
[warn | PowerModels]: active generators found at bus 564, updating to bus type from 1 to 2
[warn | PowerModels]: active generators found at bus 773, updating to bus type from 1 to 2
[warn | PowerModels]: active generators found at bus 300, updating to bus type from 1 to 2
[warn | PowerModels]: no active generators found at bus 2715, updating to bus type from 2 to 1
[warn | PowerModels]: no active generators found at bus 2978, updating to bus type from 2 to 1
[warn | PowerModels]: active generators found at bus 1456, updating to bus type from 1 to 2
[warn | PowerModels]: active generators found at bus 1706, updating to bus type from 1 to 2
[warn | PowerModels]: no active generators found at bus 2415, updating to bus type from 2 to 1
[warn | PowerModels]: no active generators found at bus 582, updating to bus type from 2 to 1
[warn | PowerModels]: active generators found at bus 1607, updating to bus type from 1 to 2
[warn | PowerModels]: active generators found at bus 77, updating to bus type from 1 to 2
[warn | PowerModels]: active generators found at bus 596, updating to bus type from 1 to 2
[warn | PowerModels]: active generators found at bus 1445, updating to bus type from 1 to 2
[warn | PowerModels]: active generators found at bus 1157, updating to bus type from 1 to 2
[warn | PowerModels]: active generators found at bus 2534, updating to bus type from 1 to 2
[warn | PowerModels]: active generators found at bus 899, updating to bus type from 1 to 2
[warn | PowerModels]: active generators found at bus 482, updating to bus type from 1 to 2
[warn | PowerModels]: active generators found at bus 399, updating to bus type from 1 to 2
[warn | PowerModels]: active generators found at bus 115, updating to bus type from 1 to 2
[warn | PowerModels]: active generators found at bus 1133, updating to bus type from 1 to 2
[warn | PowerModels]: active generators found at bus 1150, updating to bus type from 1 to 2
[warn | PowerModels]: active generators found at bus 642, updating to bus type from 1 to 2
[warn | PowerModels]: no active generators found at bus 2920, updating to bus type from 2 to 1
[warn | PowerModels]: active generators found at bus 1123, updating to bus type from 1 to 2
[warn | PowerModels]: active generators found at bus 1164, updating to bus type from 1 to 2
[warn | PowerModels]: no active generators found at bus 172, updating to bus type from 2 to 1
[warn | PowerModels]: no active generators found at bus 1493, updating to bus type from 2 to 1
[warn | PowerModels]: no active generators found at bus 819, updating to bus type from 2 to 1
[warn | PowerModels]: active generators found at bus 552, updating to bus type from 1 to 2
[warn | PowerModels]: no active generators found at bus 2345, updating to bus type from 2 to 1
[warn | PowerModels]: active generators found at bus 1658, updating to bus type from 1 to 2
[warn | PowerModels]: active generators found at bus 1122, updating to bus type from 1 to 2
[warn | PowerModels]: active generators found at bus 1127, updating to bus type from 1 to 2
[warn | PowerModels]: active generators found at bus 918, updating to bus type from 1 to 2
[warn | PowerModels]: active generators found at bus 1266, updating to bus type from 1 to 2
[warn | PowerModels]: no active generators found at bus 2313, updating to bus type from 2 to 1
[warn | PowerModels]: active generators found at bus 1396, updating to bus type from 1 to 2
[warn | PowerModels]: active generators found at bus 1047, updating to bus type from 1 to 2
[warn | PowerModels]: active generators found at bus 967, updating to bus type from 1 to 2
[warn | PowerModels]: no active generators found at bus 2343, updating to bus type from 2 to 1
[warn | PowerModels]: active generators found at bus 1714, updating to bus type from 1 to 2
[warn | PowerModels]: active generators found at bus 916, updating to bus type from 1 to 2
[warn | PowerModels]: active generators found at bus 1288, updating to bus type from 1 to 2
[warn | PowerModels]: active generators found at bus 898, updating to bus type from 1 to 2
[warn | PowerModels]: active generators found at bus 2884, updating to bus type from 1 to 2
[warn | PowerModels]: no active generators found at bus 906, updating to bus type from 2 to 1
[warn | PowerModels]: no active generators found at bus 2613, updating to bus type from 2 to 1
[warn | PowerModels]: active generators found at bus 1610, updating to bus type from 1 to 2
[warn | PowerModels]: no active generators found at bus 2380, updating to bus type from 2 to 1
[warn | PowerModels]: no active generators found at bus 2614, updating to bus type from 2 to 1
[warn | PowerModels]: active generators found at bus 158, updating to bus type from 1 to 2
[warn | PowerModels]: no active generators found at bus 2414, updating to bus type from 2 to 1
[warn | PowerModels]: active generators found at bus 1154, updating to bus type from 1 to 2
[warn | PowerModels]: no active generators found at bus 2295, updating to bus type from 2 to 1
[warn | PowerModels]: active generators found at bus 31, updating to bus type from 1 to 2
[warn | PowerModels]: the voltage setpoint on generator 306 does not match the value at bus 1069
[warn | PowerModels]: the voltage setpoint on generator 407 does not match the value at bus 2337
[warn | PowerModels]: the voltage setpoint on generator 1 does not match the value at bus 1279
[warn | PowerModels]: the voltage setpoint on generator 54 does not match the value at bus 252
[warn | PowerModels]: the voltage setpoint on generator 519 does not match the value at bus 2496
[warn | PowerModels]: the voltage setpoint on generator 101 does not match the value at bus 1335
[warn | PowerModels]: the voltage setpoint on generator 371 does not match the value at bus 2294
[warn | PowerModels]: the voltage setpoint on generator 41 does not match the value at bus 1157
[warn | PowerModels]: the voltage setpoint on generator 464 does not match the value at bus 2409
[warn | PowerModels]: the voltage setpoint on generator 65 does not match the value at bus 71
[warn | PowerModels]: the voltage setpoint on generator 475 does not match the value at bus 2421
[warn | PowerModels]: the voltage setpoint on generator 447 does not match the value at bus 2381
[warn | PowerModels]: the voltage setpoint on generator 335 does not match the value at bus 1164
[warn | PowerModels]: the voltage setpoint on generator 362 does not match the value at bus 2279
[warn | PowerModels]: the voltage setpoint on generator 505 does not match the value at bus 2458
[warn | PowerModels]: the voltage setpoint on generator 491 does not match the value at bus 2442
[warn | PowerModels]: the voltage setpoint on generator 326 does not match the value at bus 133
[warn | PowerModels]: the voltage setpoint on generator 543 does not match the value at bus 2533
[warn | PowerModels]: the voltage setpoint on generator 299 does not match the value at bus 259
[warn | PowerModels]: the voltage setpoint on generator 168 does not match the value at bus 1346
[warn | PowerModels]: the voltage setpoint on generator 159 does not match the value at bus 918
[warn | PowerModels]: the voltage setpoint on generator 403 does not match the value at bus 2329
[warn | PowerModels]: the voltage setpoint on generator 228 does not match the value at bus 335
[warn | PowerModels]: the voltage setpoint on generator 332 does not match the value at bus 697
[warn | PowerModels]: the voltage setpoint on generator 190 does not match the value at bus 549
[warn | PowerModels]: the voltage setpoint on generator 227 does not match the value at bus 1576
[warn | PowerModels]: the voltage setpoint on generator 270 does not match the value at bus 482
[warn | PowerModels]: the voltage setpoint on generator 536 does not match the value at bus 2522
[warn | PowerModels]: the voltage setpoint on generator 476 does not match the value at bus 2422
[warn | PowerModels]: the voltage setpoint on generator 223 does not match the value at bus 2919
[warn | PowerModels]: the voltage setpoint on generator 453 does not match the value at bus 2392
[warn | PowerModels]: the voltage setpoint on generator 531 does not match the value at bus 2517
[warn | PowerModels]: the voltage setpoint on generator 88 does not match the value at bus 499
[warn | PowerModels]: the voltage setpoint on generator 467 does not match the value at bus 2413
[warn | PowerModels]: the voltage setpoint on generator 297 does not match the value at bus 2613
[warn | PowerModels]: the voltage setpoint on generator 26 does not match the value at bus 21
[warn | PowerModels]: the voltage setpoint on generator 289 does not match the value at bus 1261
[warn | PowerModels]: the voltage setpoint on generator 250 does not match the value at bus 2578
[warn | PowerModels]: the voltage setpoint on generator 77 does not match the value at bus 1708
[warn | PowerModels]: the voltage setpoint on generator 230 does not match the value at bus 335
[warn | PowerModels]: the voltage setpoint on generator 24 does not match the value at bus 399
[warn | PowerModels]: the voltage setpoint on generator 449 does not match the value at bus 2386
[warn | PowerModels]: the voltage setpoint on generator 394 does not match the value at bus 2320
[warn | PowerModels]: the voltage setpoint on generator 258 does not match the value at bus 262
[warn | PowerModels]: the voltage setpoint on generator 328 does not match the value at bus 1266
[warn | PowerModels]: the voltage setpoint on generator 204 does not match the value at bus 1610
[warn | PowerModels]: the voltage setpoint on generator 387 does not match the value at bus 2312
[warn | PowerModels]: the voltage setpoint on generator 23 does not match the value at bus 773
[warn | PowerModels]: the voltage setpoint on generator 160 does not match the value at bus 1760
[warn | PowerModels]: the voltage setpoint on generator 416 does not match the value at bus 2348
[warn | PowerModels]: the voltage setpoint on generator 450 does not match the value at bus 2389
[warn | PowerModels]: the voltage setpoint on generator 149 does not match the value at bus 1761
[warn | PowerModels]: the voltage setpoint on generator 359 does not match the value at bus 2276
[warn | PowerModels]: the voltage setpoint on generator 59 does not match the value at bus 1642
[warn | PowerModels]: the voltage setpoint on generator 184 does not match the value at bus 1754
[warn | PowerModels]: the voltage setpoint on generator 43 does not match the value at bus 513
[warn | PowerModels]: the voltage setpoint on generator 122 does not match the value at bus 1607
[warn | PowerModels]: the voltage setpoint on generator 253 does not match the value at bus 1176
[warn | PowerModels]: the voltage setpoint on generator 302 does not match the value at bus 2614
[warn | PowerModels]: the voltage setpoint on generator 175 does not match the value at bus 1681
[warn | PowerModels]: the voltage setpoint on generator 415 does not match the value at bus 2345
[warn | PowerModels]: the voltage setpoint on generator 39 does not match the value at bus 1679
[warn | PowerModels]: the voltage setpoint on generator 143 does not match the value at bus 274
[warn | PowerModels]: the voltage setpoint on generator 112 does not match the value at bus 2719
[warn | PowerModels]: the voltage setpoint on generator 530 does not match the value at bus 2516
[warn | PowerModels]: the voltage setpoint on generator 372 does not match the value at bus 2295
[warn | PowerModels]: the voltage setpoint on generator 34 does not match the value at bus 135
[warn | PowerModels]: the voltage setpoint on generator 501 does not match the value at bus 2453
[warn | PowerModels]: the voltage setpoint on generator 293 does not match the value at bus 1706
[warn | PowerModels]: the voltage setpoint on generator 421 does not match the value at bus 2353
[warn | PowerModels]: the voltage setpoint on generator 137 does not match the value at bus 963
[warn | PowerModels]: the voltage setpoint on generator 55 does not match the value at bus 252
[warn | PowerModels]: the voltage setpoint on generator 323 does not match the value at bus 1678
[warn | PowerModels]: the voltage setpoint on generator 17 does not match the value at bus 1072
[warn | PowerModels]: the voltage setpoint on generator 243 does not match the value at bus 1151
[warn | PowerModels]: the voltage setpoint on generator 318 does not match the value at bus 1396
[warn | PowerModels]: the voltage setpoint on generator 522 does not match the value at bus 2500
[warn | PowerModels]: the voltage setpoint on generator 9 does not match the value at bus 1127
[warn | PowerModels]: the voltage setpoint on generator 172 does not match the value at bus 1490
[warn | PowerModels]: the voltage setpoint on generator 333 does not match the value at bus 1181
[warn | PowerModels]: the voltage setpoint on generator 363 does not match the value at bus 2280
[warn | PowerModels]: the voltage setpoint on generator 12 does not match the value at bus 1827
[warn | PowerModels]: the voltage setpoint on generator 192 does not match the value at bus 124
[warn | PowerModels]: the voltage setpoint on generator 20 does not match the value at bus 642
[warn | PowerModels]: the voltage setpoint on generator 292 does not match the value at bus 975
[warn | PowerModels]: the voltage setpoint on generator 350 does not match the value at bus 2266
[warn | PowerModels]: the voltage setpoint on generator 252 does not match the value at bus 1176
[warn | PowerModels]: the voltage setpoint on generator 357 does not match the value at bus 2274
[warn | PowerModels]: the voltage setpoint on generator 514 does not match the value at bus 2472
[warn | PowerModels]: the voltage setpoint on generator 341 does not match the value at bus 2253
[warn | PowerModels]: the voltage setpoint on generator 417 does not match the value at bus 2349
[warn | PowerModels]: the voltage setpoint on generator 462 does not match the value at bus 2406
[warn | PowerModels]: the voltage setpoint on generator 533 does not match the value at bus 2519
[warn | PowerModels]: the voltage setpoint on generator 426 does not match the value at bus 2358
[warn | PowerModels]: the voltage setpoint on generator 539 does not match the value at bus 2529
[warn | PowerModels]: the voltage setpoint on generator 14 does not match the value at bus 2863
[warn | PowerModels]: the voltage setpoint on generator 167 does not match the value at bus 1346
[warn | PowerModels]: the voltage setpoint on generator 127 does not match the value at bus 2977
[warn | PowerModels]: the voltage setpoint on generator 96 does not match the value at bus 2727
[warn | PowerModels]: the voltage setpoint on generator 123 does not match the value at bus 314
[warn | PowerModels]: the voltage setpoint on generator 456 does not match the value at bus 2395
[warn | PowerModels]: the voltage setpoint on generator 177 does not match the value at bus 2658
[warn | PowerModels]: the voltage setpoint on generator 254 does not match the value at bus 1782
[warn | PowerModels]: the voltage setpoint on generator 300 does not match the value at bus 259
[warn | PowerModels]: the voltage setpoint on generator 257 does not match the value at bus 262
[warn | PowerModels]: the voltage setpoint on generator 510 does not match the value at bus 2464
[warn | PowerModels]: the voltage setpoint on generator 19 does not match the value at bus 1072
[warn | PowerModels]: the voltage setpoint on generator 179 does not match the value at bus 2658
[warn | PowerModels]: the voltage setpoint on generator 242 does not match the value at bus 1355
[warn | PowerModels]: the voltage setpoint on generator 396 does not match the value at bus 2322
[warn | PowerModels]: the voltage setpoint on generator 260 does not match the value at bus 262
[warn | PowerModels]: the voltage setpoint on generator 495 does not match the value at bus 2446
[warn | PowerModels]: the voltage setpoint on generator 239 does not match the value at bus 883
[warn | PowerModels]: the voltage setpoint on generator 35 does not match the value at bus 53
[warn | PowerModels]: the voltage setpoint on generator 423 does not match the value at bus 2355
[warn | PowerModels]: the voltage setpoint on generator 317 does not match the value at bus 1396
[warn | PowerModels]: the voltage setpoint on generator 197 does not match the value at bus 1204
[warn | PowerModels]: the voltage setpoint on generator 131 does not match the value at bus 1150
[warn | PowerModels]: the voltage setpoint on generator 488 does not match the value at bus 2439
[warn | PowerModels]: the voltage setpoint on generator 401 does not match the value at bus 2327
[warn | PowerModels]: the voltage setpoint on generator 525 does not match the value at bus 2503
[warn | PowerModels]: the voltage setpoint on generator 276 does not match the value at bus 2628
[warn | PowerModels]: the voltage setpoint on generator 316 does not match the value at bus 1276
[warn | PowerModels]: the voltage setpoint on generator 365 does not match the value at bus 2282
[warn | PowerModels]: the voltage setpoint on generator 458 does not match the value at bus 2401
[warn | PowerModels]: the voltage setpoint on generator 463 does not match the value at bus 2408
[warn | PowerModels]: the voltage setpoint on generator 494 does not match the value at bus 2445
[warn | PowerModels]: the voltage setpoint on generator 21 does not match the value at bus 642
[warn | PowerModels]: the voltage setpoint on generator 263 does not match the value at bus 1536
[warn | PowerModels]: the voltage setpoint on generator 83 does not match the value at bus 2888
[warn | PowerModels]: the voltage setpoint on generator 244 does not match the value at bus 2802
[warn | PowerModels]: the voltage setpoint on generator 45 does not match the value at bus 371
[warn | PowerModels]: the voltage setpoint on generator 295 does not match the value at bus 1160
[warn | PowerModels]: the voltage setpoint on generator 139 does not match the value at bus 923
[warn | PowerModels]: the voltage setpoint on generator 181 does not match the value at bus 31
[warn | PowerModels]: the voltage setpoint on generator 386 does not match the value at bus 2311
[warn | PowerModels]: the voltage setpoint on generator 368 does not match the value at bus 2286
[warn | PowerModels]: the voltage setpoint on generator 436 does not match the value at bus 2370
[warn | PowerModels]: the voltage setpoint on generator 527 does not match the value at bus 2509
[warn | PowerModels]: the voltage setpoint on generator 440 does not match the value at bus 2374
[warn | PowerModels]: the voltage setpoint on generator 85 does not match the value at bus 1666
[warn | PowerModels]: the voltage setpoint on generator 413 does not match the value at bus 2343
[warn | PowerModels]: the voltage setpoint on generator 105 does not match the value at bus 2625
[warn | PowerModels]: the voltage setpoint on generator 30 does not match the value at bus 2618
[warn | PowerModels]: the voltage setpoint on generator 3 does not match the value at bus 751
[warn | PowerModels]: the voltage setpoint on generator 309 does not match the value at bus 1815
[warn | PowerModels]: the voltage setpoint on generator 81 does not match the value at bus 231
[warn | PowerModels]: the voltage setpoint on generator 400 does not match the value at bus 2326
[warn | PowerModels]: the voltage setpoint on generator 545 does not match the value at bus 2535
[warn | PowerModels]: the voltage setpoint on generator 547 does not match the value at bus 2538
[warn | PowerModels]: the voltage setpoint on generator 480 does not match the value at bus 2428
[warn | PowerModels]: the voltage setpoint on generator 482 does not match the value at bus 2431
[warn | PowerModels]: the voltage setpoint on generator 296 does not match the value at bus 235
[warn | PowerModels]: the voltage setpoint on generator 27 does not match the value at bus 21
[warn | PowerModels]: the voltage setpoint on generator 75 does not match the value at bus 1122
[warn | PowerModels]: the voltage setpoint on generator 392 does not match the value at bus 2317
[warn | PowerModels]: the voltage setpoint on generator 503 does not match the value at bus 2455
[warn | PowerModels]: the voltage setpoint on generator 50 does not match the value at bus 1188
[warn | PowerModels]: the voltage setpoint on generator 526 does not match the value at bus 2508
[warn | PowerModels]: the voltage setpoint on generator 460 does not match the value at bus 2403
[warn | PowerModels]: the voltage setpoint on generator 162 does not match the value at bus 1414
[warn | PowerModels]: the voltage setpoint on generator 63 does not match the value at bus 1829
[warn | PowerModels]: the voltage setpoint on generator 537 does not match the value at bus 2527
[warn | PowerModels]: the voltage setpoint on generator 303 does not match the value at bus 1220
[warn | PowerModels]: the voltage setpoint on generator 92 does not match the value at bus 2708
[warn | PowerModels]: the voltage setpoint on generator 422 does not match the value at bus 2354
[warn | PowerModels]: the voltage setpoint on generator 208 does not match the value at bus 300
[warn | PowerModels]: the voltage setpoint on generator 214 does not match the value at bus 1802
[warn | PowerModels]: the voltage setpoint on generator 120 does not match the value at bus 225
[warn | PowerModels]: the voltage setpoint on generator 224 does not match the value at bus 2918
[warn | PowerModels]: the voltage setpoint on generator 87 does not match the value at bus 499
[warn | PowerModels]: the voltage setpoint on generator 117 does not match the value at bus 1847
[warn | PowerModels]: the voltage setpoint on generator 255 does not match the value at bus 626
[warn | PowerModels]: the voltage setpoint on generator 499 does not match the value at bus 2450
[warn | PowerModels]: the voltage setpoint on generator 178 does not match the value at bus 418
[warn | PowerModels]: the voltage setpoint on generator 544 does not match the value at bus 2534
[warn | PowerModels]: the voltage setpoint on generator 89 does not match the value at bus 2709
[warn | PowerModels]: the voltage setpoint on generator 275 does not match the value at bus 305
[warn | PowerModels]: the voltage setpoint on generator 176 does not match the value at bus 418
[warn | PowerModels]: the voltage setpoint on generator 182 does not match the value at bus 236
[warn | PowerModels]: the voltage setpoint on generator 496 does not match the value at bus 2447
[warn | PowerModels]: the voltage setpoint on generator 225 does not match the value at bus 2920
[warn | PowerModels]: the voltage setpoint on generator 195 does not match the value at bus 1858
[warn | PowerModels]: the voltage setpoint on generator 516 does not match the value at bus 2481
[warn | PowerModels]: the voltage setpoint on generator 286 does not match the value at bus 1261
[warn | PowerModels]: the voltage setpoint on generator 249 does not match the value at bus 1294
[warn | PowerModels]: the voltage setpoint on generator 485 does not match the value at bus 2435
[warn | PowerModels]: the voltage setpoint on generator 161 does not match the value at bus 1760
[warn | PowerModels]: the voltage setpoint on generator 442 does not match the value at bus 2376
[warn | PowerModels]: the voltage setpoint on generator 202 does not match the value at bus 1317
[warn | PowerModels]: the voltage setpoint on generator 346 does not match the value at bus 2260
[warn | PowerModels]: the voltage setpoint on generator 542 does not match the value at bus 2532
[warn | PowerModels]: the voltage setpoint on generator 389 does not match the value at bus 2314
[warn | PowerModels]: the voltage setpoint on generator 459 does not match the value at bus 2402
[warn | PowerModels]: the voltage setpoint on generator 465 does not match the value at bus 2410
[warn | PowerModels]: the voltage setpoint on generator 146 does not match the value at bus 184
[warn | PowerModels]: the voltage setpoint on generator 142 does not match the value at bus 274
[warn | PowerModels]: the voltage setpoint on generator 219 does not match the value at bus 2920
[warn | PowerModels]: the voltage setpoint on generator 256 does not match the value at bus 146
[warn | PowerModels]: the voltage setpoint on generator 291 does not match the value at bus 975
[warn | PowerModels]: the voltage setpoint on generator 80 does not match the value at bus 1154
[warn | PowerModels]: the voltage setpoint on generator 203 does not match the value at bus 1317
[warn | PowerModels]: the voltage setpoint on generator 308 does not match the value at bus 1069
[warn | PowerModels]: the voltage setpoint on generator 360 does not match the value at bus 2277
[warn | PowerModels]: the voltage setpoint on generator 432 does not match the value at bus 2364
[warn | PowerModels]: the voltage setpoint on generator 113 does not match the value at bus 2721
[warn | PowerModels]: the voltage setpoint on generator 110 does not match the value at bus 2720
[warn | PowerModels]: the voltage setpoint on generator 418 does not match the value at bus 2350
[warn | PowerModels]: the voltage setpoint on generator 492 does not match the value at bus 2443
[warn | PowerModels]: the voltage setpoint on generator 445 does not match the value at bus 2379
[warn | PowerModels]: the voltage setpoint on generator 322 does not match the value at bus 489
[warn | PowerModels]: the voltage setpoint on generator 431 does not match the value at bus 2363
[warn | PowerModels]: the voltage setpoint on generator 269 does not match the value at bus 275
[warn | PowerModels]: the voltage setpoint on generator 157 does not match the value at bus 161
[warn | PowerModels]: the voltage setpoint on generator 520 does not match the value at bus 2498
[warn | PowerModels]: the voltage setpoint on generator 57 does not match the value at bus 115
[warn | PowerModels]: the voltage setpoint on generator 165 does not match the value at bus 2697
[warn | PowerModels]: the voltage setpoint on generator 231 does not match the value at bus 335
[warn | PowerModels]: the voltage setpoint on generator 384 does not match the value at bus 2309
[warn | PowerModels]: the voltage setpoint on generator 327 does not match the value at bus 172
[warn | PowerModels]: the voltage setpoint on generator 173 does not match the value at bus 1671
[warn | PowerModels]: the voltage setpoint on generator 284 does not match the value at bus 744
[warn | PowerModels]: the voltage setpoint on generator 200 does not match the value at bus 641
[warn | PowerModels]: the voltage setpoint on generator 171 does not match the value at bus 291
[warn | PowerModels]: the voltage setpoint on generator 233 does not match the value at bus 1873
[warn | PowerModels]: the voltage setpoint on generator 428 does not match the value at bus 2360
[warn | PowerModels]: the voltage setpoint on generator 345 does not match the value at bus 2258
[warn | PowerModels]: the voltage setpoint on generator 130 does not match the value at bus 1655
[warn | PowerModels]: the voltage setpoint on generator 273 does not match the value at bus 876
[warn | PowerModels]: the voltage setpoint on generator 319 does not match the value at bus 1288
[warn | PowerModels]: the voltage setpoint on generator 478 does not match the value at bus 2424
[warn | PowerModels]: the voltage setpoint on generator 312 does not match the value at bus 1606
[warn | PowerModels]: the voltage setpoint on generator 502 does not match the value at bus 2454
[warn | PowerModels]: the voltage setpoint on generator 15 does not match the value at bus 1466
[warn | PowerModels]: the voltage setpoint on generator 61 does not match the value at bus 2634
[warn | PowerModels]: the voltage setpoint on generator 67 does not match the value at bus 129
[warn | PowerModels]: the voltage setpoint on generator 247 does not match the value at bus 313
[warn | PowerModels]: the voltage setpoint on generator 108 does not match the value at bus 2947
[warn | PowerModels]: the voltage setpoint on generator 100 does not match the value at bus 1047
[warn | PowerModels]: the voltage setpoint on generator 344 does not match the value at bus 2257
[warn | PowerModels]: the voltage setpoint on generator 385 does not match the value at bus 2310
[warn | PowerModels]: the voltage setpoint on generator 457 does not match the value at bus 2396
[warn | PowerModels]: the voltage setpoint on generator 500 does not match the value at bus 2452
[warn | PowerModels]: the voltage setpoint on generator 46 does not match the value at bus 976
[warn | PowerModels]: the voltage setpoint on generator 251 does not match the value at bus 2578
[warn | PowerModels]: the voltage setpoint on generator 444 does not match the value at bus 2378
[warn | PowerModels]: the voltage setpoint on generator 532 does not match the value at bus 2518
[warn | PowerModels]: the voltage setpoint on generator 535 does not match the value at bus 2521
[warn | PowerModels]: the voltage setpoint on generator 170 does not match the value at bus 2622
[warn | PowerModels]: the voltage setpoint on generator 151 does not match the value at bus 1868
[warn | PowerModels]: the voltage setpoint on generator 248 does not match the value at bus 1573
[warn | PowerModels]: the voltage setpoint on generator 68 does not match the value at bus 1594
[warn | PowerModels]: the voltage setpoint on generator 56 does not match the value at bus 504
[warn | PowerModels]: the voltage setpoint on generator 147 does not match the value at bus 1657
[warn | PowerModels]: the voltage setpoint on generator 529 does not match the value at bus 2514
[warn | PowerModels]: the voltage setpoint on generator 528 does not match the value at bus 2513
[warn | PowerModels]: the voltage setpoint on generator 454 does not match the value at bus 2393
[warn | PowerModels]: the voltage setpoint on generator 452 does not match the value at bus 2391
[warn | PowerModels]: the voltage setpoint on generator 76 does not match the value at bus 1708
[warn | PowerModels]: the voltage setpoint on generator 186 does not match the value at bus 1754
[warn | PowerModels]: the voltage setpoint on generator 342 does not match the value at bus 2254
[warn | PowerModels]: the voltage setpoint on generator 438 does not match the value at bus 2372
[warn | PowerModels]: the voltage setpoint on generator 180 does not match the value at bus 461
[warn | PowerModels]: the voltage setpoint on generator 135 does not match the value at bus 1474
[warn | PowerModels]: the voltage setpoint on generator 262 does not match the value at bus 1536
[warn | PowerModels]: the voltage setpoint on generator 48 does not match the value at bus 2754
[warn | PowerModels]: the voltage setpoint on generator 103 does not match the value at bus 298
[warn | PowerModels]: the voltage setpoint on generator 355 does not match the value at bus 2272
[warn | PowerModels]: the voltage setpoint on generator 393 does not match the value at bus 2319
[warn | PowerModels]: the voltage setpoint on generator 408 does not match the value at bus 2338
[warn | PowerModels]: the voltage setpoint on generator 32 does not match the value at bus 285
[warn | PowerModels]: the voltage setpoint on generator 109 does not match the value at bus 2718
[warn | PowerModels]: the voltage setpoint on generator 264 does not match the value at bus 19
[warn | PowerModels]: the voltage setpoint on generator 320 does not match the value at bus 489
[warn | PowerModels]: the voltage setpoint on generator 217 does not match the value at bus 2918
[warn | PowerModels]: the voltage setpoint on generator 334 does not match the value at bus 1181
[warn | PowerModels]: the voltage setpoint on generator 405 does not match the value at bus 2331
[warn | PowerModels]: the voltage setpoint on generator 2 does not match the value at bus 1210
[warn | PowerModels]: the voltage setpoint on generator 183 does not match the value at bus 236
[warn | PowerModels]: the voltage setpoint on generator 155 does not match the value at bus 1263
[warn | PowerModels]: the voltage setpoint on generator 51 does not match the value at bus 1254
[warn | PowerModels]: the voltage setpoint on generator 53 does not match the value at bus 252
[warn | PowerModels]: the voltage setpoint on generator 106 does not match the value at bus 2625
[warn | PowerModels]: the voltage setpoint on generator 435 does not match the value at bus 2368
[warn | PowerModels]: the voltage setpoint on generator 489 does not match the value at bus 2440
[warn | PowerModels]: the voltage setpoint on generator 111 does not match the value at bus 741
[warn | PowerModels]: the voltage setpoint on generator 141 does not match the value at bus 1153
[warn | PowerModels]: the voltage setpoint on generator 287 does not match the value at bus 1261
[warn | PowerModels]: the voltage setpoint on generator 93 does not match the value at bus 1280
[warn | PowerModels]: the voltage setpoint on generator 213 does not match the value at bus 1604
[warn | PowerModels]: the voltage setpoint on generator 278 does not match the value at bus 2628
[warn | PowerModels]: the voltage setpoint on generator 10 does not match the value at bus 460
[warn | PowerModels]: the voltage setpoint on generator 340 does not match the value at bus 2251
[warn | PowerModels]: the voltage setpoint on generator 474 does not match the value at bus 2420
[warn | PowerModels]: the voltage setpoint on generator 356 does not match the value at bus 2273
[warn | PowerModels]: the voltage setpoint on generator 265 does not match the value at bus 838
[warn | PowerModels]: the voltage setpoint on generator 215 does not match the value at bus 2917
[warn | PowerModels]: the voltage setpoint on generator 305 does not match the value at bus 1148
[warn | PowerModels]: the voltage setpoint on generator 443 does not match the value at bus 2377
[warn | PowerModels]: the voltage setpoint on generator 424 does not match the value at bus 2356
[warn | PowerModels]: the voltage setpoint on generator 154 does not match the value at bus 2715
[warn | PowerModels]: the voltage setpoint on generator 321 does not match the value at bus 489
[warn | PowerModels]: the voltage setpoint on generator 358 does not match the value at bus 2275
[warn | PowerModels]: the voltage setpoint on generator 49 does not match the value at bus 749
[warn | PowerModels]: the voltage setpoint on generator 218 does not match the value at bus 2921
[warn | PowerModels]: the voltage setpoint on generator 5 does not match the value at bus 978
[warn | PowerModels]: the voltage setpoint on generator 541 does not match the value at bus 2531
[warn | PowerModels]: the voltage setpoint on generator 62 does not match the value at bus 326
[warn | PowerModels]: the voltage setpoint on generator 196 does not match the value at bus 134
[warn | PowerModels]: the voltage setpoint on generator 90 does not match the value at bus 709
[warn | PowerModels]: the voltage setpoint on generator 234 does not match the value at bus 2931
[warn | PowerModels]: the voltage setpoint on generator 446 does not match the value at bus 2380
[warn | PowerModels]: the voltage setpoint on generator 404 does not match the value at bus 2330
[warn | PowerModels]: the voltage setpoint on generator 205 does not match the value at bus 1610
[warn | PowerModels]: the voltage setpoint on generator 237 does not match the value at bus 2760
[warn | PowerModels]: the voltage setpoint on generator 201 does not match the value at bus 916
[warn | PowerModels]: the voltage setpoint on generator 311 does not match the value at bus 1046
[warn | PowerModels]: the voltage setpoint on generator 390 does not match the value at bus 2315
[warn | PowerModels]: the voltage setpoint on generator 315 does not match the value at bus 1276
[warn | PowerModels]: the voltage setpoint on generator 448 does not match the value at bus 2385
[warn | PowerModels]: the voltage setpoint on generator 298 does not match the value at bus 2613
[warn | PowerModels]: the voltage setpoint on generator 461 does not match the value at bus 2404
[warn | PowerModels]: the voltage setpoint on generator 366 does not match the value at bus 2283
[warn | PowerModels]: the voltage setpoint on generator 164 does not match the value at bus 662
[warn | PowerModels]: the voltage setpoint on generator 419 does not match the value at bus 2351
[warn | PowerModels]: the voltage setpoint on generator 380 does not match the value at bus 2303
[warn | PowerModels]: the voltage setpoint on generator 86 does not match the value at bus 499
[warn | PowerModels]: the voltage setpoint on generator 523 does not match the value at bus 2501
[warn | PowerModels]: the voltage setpoint on generator 126 does not match the value at bus 2978
[warn | PowerModels]: the voltage setpoint on generator 152 does not match the value at bus 1868
[warn | PowerModels]: the voltage setpoint on generator 71 does not match the value at bus 1133
[warn | PowerModels]: the voltage setpoint on generator 37 does not match the value at bus 596
[warn | PowerModels]: the voltage setpoint on generator 226 does not match the value at bus 946
[warn | PowerModels]: the voltage setpoint on generator 399 does not match the value at bus 2325
[warn | PowerModels]: the voltage setpoint on generator 245 does not match the value at bus 2969
[warn | PowerModels]: the voltage setpoint on generator 469 does not match the value at bus 2415
[warn | PowerModels]: the voltage setpoint on generator 521 does not match the value at bus 2499
[warn | PowerModels]: the voltage setpoint on generator 487 does not match the value at bus 2438
[warn | PowerModels]: the voltage setpoint on generator 266 does not match the value at bus 838
[warn | PowerModels]: the voltage setpoint on generator 268 does not match the value at bus 519
[warn | PowerModels]: the voltage setpoint on generator 6 does not match the value at bus 158
[warn | PowerModels]: the voltage setpoint on generator 441 does not match the value at bus 2375
[warn | PowerModels]: the voltage setpoint on generator 125 does not match the value at bus 582
[warn | PowerModels]: the voltage setpoint on generator 98 does not match the value at bus 564
[warn | PowerModels]: the voltage setpoint on generator 473 does not match the value at bus 2419
[warn | PowerModels]: the voltage setpoint on generator 272 does not match the value at bus 876
[warn | PowerModels]: the voltage setpoint on generator 379 does not match the value at bus 2302
[warn | PowerModels]: the voltage setpoint on generator 174 does not match the value at bus 1615
[warn | PowerModels]: the voltage setpoint on generator 512 does not match the value at bus 2470
[warn | PowerModels]: the voltage setpoint on generator 187 does not match the value at bus 898
[warn | PowerModels]: the voltage setpoint on generator 493 does not match the value at bus 2444
[warn | PowerModels]: the voltage setpoint on generator 7 does not match the value at bus 1217
[warn | PowerModels]: the voltage setpoint on generator 361 does not match the value at bus 2278
[warn | PowerModels]: the voltage setpoint on generator 261 does not match the value at bus 819
[warn | PowerModels]: the voltage setpoint on generator 194 does not match the value at bus 552
[warn | PowerModels]: the voltage setpoint on generator 140 does not match the value at bus 1153
[warn | PowerModels]: the voltage setpoint on generator 486 does not match the value at bus 2437
[warn | PowerModels]: the voltage setpoint on generator 397 does not match the value at bus 2323
[warn | PowerModels]: the voltage setpoint on generator 337 does not match the value at bus 310
[warn | PowerModels]: the voltage setpoint on generator 107 does not match the value at bus 2624
[warn | PowerModels]: the voltage setpoint on generator 102 does not match the value at bus 2624
[warn | PowerModels]: the voltage setpoint on generator 69 does not match the value at bus 1594
[warn | PowerModels]: the voltage setpoint on generator 354 does not match the value at bus 2271
[warn | PowerModels]: the voltage setpoint on generator 282 does not match the value at bus 426
[warn | PowerModels]: the voltage setpoint on generator 97 does not match the value at bus 1445
[warn | PowerModels]: the voltage setpoint on generator 4 does not match the value at bus 978
[warn | PowerModels]: the voltage setpoint on generator 221 does not match the value at bus 1802
[warn | PowerModels]: the voltage setpoint on generator 235 does not match the value at bus 2761
[warn | PowerModels]: the voltage setpoint on generator 212 does not match the value at bus 1630
[warn | PowerModels]: the voltage setpoint on generator 210 does not match the value at bus 1630
[warn | PowerModels]: the voltage setpoint on generator 369 does not match the value at bus 2289
[warn | PowerModels]: the voltage setpoint on generator 13 does not match the value at bus 1466
[warn | PowerModels]: the voltage setpoint on generator 136 does not match the value at bus 1474
[warn | PowerModels]: the voltage setpoint on generator 211 does not match the value at bus 1630
[warn | PowerModels]: the voltage setpoint on generator 134 does not match the value at bus 1474
[warn | PowerModels]: the voltage setpoint on generator 133 does not match the value at bus 906
[warn | PowerModels]: the voltage setpoint on generator 148 does not match the value at bus 1657
[warn | PowerModels]: the voltage setpoint on generator 240 does not match the value at bus 2757
[warn | PowerModels]: the voltage setpoint on generator 329 does not match the value at bus 877
[warn | PowerModels]: the voltage setpoint on generator 193 does not match the value at bus 124
[warn | PowerModels]: the voltage setpoint on generator 373 does not match the value at bus 2296
[warn | PowerModels]: the voltage setpoint on generator 518 does not match the value at bus 2490
[warn | PowerModels]: the voltage setpoint on generator 118 does not match the value at bus 1398
[warn | PowerModels]: the voltage setpoint on generator 283 does not match the value at bus 1714
[warn | PowerModels]: the voltage setpoint on generator 513 does not match the value at bus 2471
[warn | PowerModels]: the voltage setpoint on generator 246 does not match the value at bus 2803
[warn | PowerModels]: the voltage setpoint on generator 466 does not match the value at bus 2412
[warn | PowerModels]: the voltage setpoint on generator 508 does not match the value at bus 2462
[warn | PowerModels]: the voltage setpoint on generator 38 does not match the value at bus 958
[warn | PowerModels]: the voltage setpoint on generator 375 does not match the value at bus 2298
[warn | PowerModels]: the voltage setpoint on generator 188 does not match the value at bus 898
[warn | PowerModels]: the voltage setpoint on generator 307 does not match the value at bus 1069
[warn | PowerModels]: the voltage setpoint on generator 199 does not match the value at bus 641
[warn | PowerModels]: the voltage setpoint on generator 116 does not match the value at bus 1506
[warn | PowerModels]: the voltage setpoint on generator 378 does not match the value at bus 2301
[warn | PowerModels]: the voltage setpoint on generator 425 does not match the value at bus 2357
[warn | PowerModels]: the voltage setpoint on generator 376 does not match the value at bus 2299
[warn | PowerModels]: the voltage setpoint on generator 66 does not match the value at bus 93
[warn | PowerModels]: the voltage setpoint on generator 411 does not match the value at bus 2341
[warn | PowerModels]: the voltage setpoint on generator 538 does not match the value at bus 2528
[warn | PowerModels]: the voltage setpoint on generator 546 does not match the value at bus 2537
[warn | PowerModels]: the voltage setpoint on generator 241 does not match the value at bus 631
[warn | PowerModels]: the voltage setpoint on generator 301 does not match the value at bus 2614
[warn | PowerModels]: the voltage setpoint on generator 468 does not match the value at bus 2414
[warn | PowerModels]: the voltage setpoint on generator 18 does not match the value at bus 1072
[warn | PowerModels]: the voltage setpoint on generator 455 does not match the value at bus 2394
[warn | PowerModels]: the voltage setpoint on generator 132 does not match the value at bus 1447
[warn | PowerModels]: the voltage setpoint on generator 29 does not match the value at bus 899
[warn | PowerModels]: the voltage setpoint on generator 477 does not match the value at bus 2423
[warn | PowerModels]: the voltage setpoint on generator 78 does not match the value at bus 1658
[warn | PowerModels]: the voltage setpoint on generator 470 does not match the value at bus 2416
[warn | PowerModels]: the voltage setpoint on generator 517 does not match the value at bus 2484
[warn | PowerModels]: the voltage setpoint on generator 388 does not match the value at bus 2313
[warn | PowerModels]: the voltage setpoint on generator 367 does not match the value at bus 2284
[warn | PowerModels]: the voltage setpoint on generator 382 does not match the value at bus 2306
[warn | PowerModels]: the voltage setpoint on generator 74 does not match the value at bus 2849
[warn | PowerModels]: the voltage setpoint on generator 402 does not match the value at bus 2328
[warn | PowerModels]: the voltage setpoint on generator 119 does not match the value at bus 1398
[warn | PowerModels]: the voltage setpoint on generator 236 does not match the value at bus 2759
[warn | PowerModels]: the voltage setpoint on generator 42 does not match the value at bus 513
[warn | PowerModels]: the voltage setpoint on generator 33 does not match the value at bus 285
[warn | PowerModels]: the voltage setpoint on generator 28 does not match the value at bus 899
[warn | PowerModels]: the voltage setpoint on generator 52 does not match the value at bus 252
[warn | PowerModels]: the voltage setpoint on generator 381 does not match the value at bus 2304
[warn | PowerModels]: the voltage setpoint on generator 439 does not match the value at bus 2373
[warn | PowerModels]: the voltage setpoint on generator 347 does not match the value at bus 2261
[warn | PowerModels]: the voltage setpoint on generator 121 does not match the value at bus 225
[warn | PowerModels]: the voltage setpoint on generator 451 does not match the value at bus 2390
[warn | PowerModels]: the voltage setpoint on generator 497 does not match the value at bus 2448
[warn | PowerModels]: the voltage setpoint on generator 504 does not match the value at bus 2457
[warn | PowerModels]: the voltage setpoint on generator 290 does not match the value at bus 1261
[warn | PowerModels]: the voltage setpoint on generator 115 does not match the value at bus 1506
[warn | PowerModels]: the voltage setpoint on generator 395 does not match the value at bus 2321
[warn | PowerModels]: the voltage setpoint on generator 409 does not match the value at bus 2339
[warn | PowerModels]: the voltage setpoint on generator 515 does not match the value at bus 2473
[warn | PowerModels]: the voltage setpoint on generator 314 does not match the value at bus 1612
[warn | PowerModels]: the voltage setpoint on generator 351 does not match the value at bus 2267
[warn | PowerModels]: the voltage setpoint on generator 509 does not match the value at bus 2463
[warn | PowerModels]: the voltage setpoint on generator 163 does not match the value at bus 1414
[warn | PowerModels]: the voltage setpoint on generator 339 does not match the value at bus 2250
[warn | PowerModels]: the voltage setpoint on generator 481 does not match the value at bus 2429
[warn | PowerModels]: the voltage setpoint on generator 281 does not match the value at bus 1798
[warn | PowerModels]: the voltage setpoint on generator 58 does not match the value at bus 967
[warn | PowerModels]: the voltage setpoint on generator 25 does not match the value at bus 399
[warn | PowerModels]: the voltage setpoint on generator 114 does not match the value at bus 283
[warn | PowerModels]: the voltage setpoint on generator 374 does not match the value at bus 2297
[warn | PowerModels]: the voltage setpoint on generator 166 does not match the value at bus 2696
[warn | PowerModels]: the voltage setpoint on generator 31 does not match the value at bus 2618
[warn | PowerModels]: the voltage setpoint on generator 274 does not match the value at bus 305
[warn | PowerModels]: the voltage setpoint on generator 370 does not match the value at bus 2293
[warn | PowerModels]: the voltage setpoint on generator 206 does not match the value at bus 271
[warn | PowerModels]: the voltage setpoint on generator 279 does not match the value at bus 2628
[warn | PowerModels]: the voltage setpoint on generator 280 does not match the value at bus 1456
[warn | PowerModels]: the voltage setpoint on generator 313 does not match the value at bus 76
[warn | PowerModels]: the voltage setpoint on generator 364 does not match the value at bus 2281
[warn | PowerModels]: the voltage setpoint on generator 484 does not match the value at bus 2434
[warn | PowerModels]: the voltage setpoint on generator 44 does not match the value at bus 371
[warn | PowerModels]: the voltage setpoint on generator 169 does not match the value at bus 2622
[warn | PowerModels]: the voltage setpoint on generator 129 does not match the value at bus 1655
[warn | PowerModels]: the voltage setpoint on generator 189 does not match the value at bus 120
[warn | PowerModels]: the voltage setpoint on generator 150 does not match the value at bus 1761
[warn | PowerModels]: the voltage setpoint on generator 259 does not match the value at bus 262
[warn | PowerModels]: the voltage setpoint on generator 94 does not match the value at bus 1493
[warn | PowerModels]: the voltage setpoint on generator 352 does not match the value at bus 2269
[warn | PowerModels]: the voltage setpoint on generator 288 does not match the value at bus 1261
[warn | PowerModels]: the voltage setpoint on generator 412 does not match the value at bus 2342
[warn | PowerModels]: the voltage setpoint on generator 429 does not match the value at bus 2361
[warn | PowerModels]: the voltage setpoint on generator 430 does not match the value at bus 2362
[warn | PowerModels]: the voltage setpoint on generator 479 does not match the value at bus 2427
[warn | PowerModels]: the voltage setpoint on generator 99 does not match the value at bus 1047
[warn | PowerModels]: the voltage setpoint on generator 207 does not match the value at bus 1123
[warn | PowerModels]: the voltage setpoint on generator 47 does not match the value at bus 976
[warn | PowerModels]: the voltage setpoint on generator 330 does not match the value at bus 877
[warn | PowerModels]: the voltage setpoint on generator 73 does not match the value at bus 2850
[warn | PowerModels]: the voltage setpoint on generator 82 does not match the value at bus 2887
[warn | PowerModels]: the voltage setpoint on generator 285 does not match the value at bus 744
[warn | PowerModels]: the voltage setpoint on generator 310 does not match the value at bus 1815
[warn | PowerModels]: the voltage setpoint on generator 433 does not match the value at bus 2365
[warn | PowerModels]: the voltage setpoint on generator 406 does not match the value at bus 2336
[warn | PowerModels]: the voltage setpoint on generator 79 does not match the value at bus 2884
[warn | PowerModels]: the voltage setpoint on generator 437 does not match the value at bus 2371
[warn | PowerModels]: the voltage setpoint on generator 216 does not match the value at bus 2921
[warn | PowerModels]: the voltage setpoint on generator 377 does not match the value at bus 2300
[warn | PowerModels]: the voltage setpoint on generator 84 does not match the value at bus 2889
[warn | PowerModels]: the voltage setpoint on generator 325 does not match the value at bus 220
[warn | PowerModels]: the voltage setpoint on generator 511 does not match the value at bus 2465
[warn | PowerModels]: the voltage setpoint on generator 104 does not match the value at bus 298
[warn | PowerModels]: the voltage setpoint on generator 124 does not match the value at bus 2680
[warn | PowerModels]: the voltage setpoint on generator 238 does not match the value at bus 2758
[warn | PowerModels]: the voltage setpoint on generator 209 does not match the value at bus 648
[warn | PowerModels]: the voltage setpoint on generator 185 does not match the value at bus 1754
[warn | PowerModels]: the voltage setpoint on generator 267 does not match the value at bus 519
[warn | PowerModels]: the voltage setpoint on generator 70 does not match the value at bus 1354
[warn | PowerModels]: the voltage setpoint on generator 410 does not match the value at bus 2340
[warn | PowerModels]: the voltage setpoint on generator 427 does not match the value at bus 2359
[warn | PowerModels]: the voltage setpoint on generator 507 does not match the value at bus 2461
[warn | PowerModels]: the voltage setpoint on generator 349 does not match the value at bus 2263
[warn | PowerModels]: the voltage setpoint on generator 391 does not match the value at bus 2316
[warn | PowerModels]: the voltage setpoint on generator 191 does not match the value at bus 77
[warn | PowerModels]: the voltage setpoint on generator 534 does not match the value at bus 2520
[warn | PowerModels]: the voltage setpoint on generator 8 does not match the value at bus 367
[warn | PowerModels]: the voltage setpoint on generator 304 does not match the value at bus 1220
[warn | PowerModels]: the voltage setpoint on generator 338 does not match the value at bus 310
[warn | PowerModels]: the voltage setpoint on generator 198 does not match the value at bus 1204
[warn | PowerModels]: the voltage setpoint on generator 64 does not match the value at bus 1314
[warn | PowerModels]: the voltage setpoint on generator 222 does not match the value at bus 2917
[warn | PowerModels]: the voltage setpoint on generator 343 does not match the value at bus 2255
[warn | PowerModels]: the voltage setpoint on generator 91 does not match the value at bus 2710
[warn | PowerModels]: the voltage setpoint on generator 60 does not match the value at bus 1811
[warn | PowerModels]: the voltage setpoint on generator 158 does not match the value at bus 604
[warn | PowerModels]: the voltage setpoint on generator 156 does not match the value at bus 1263
[warn | PowerModels]: the voltage setpoint on generator 229 does not match the value at bus 335
[warn | PowerModels]: the voltage setpoint on generator 348 does not match the value at bus 2262
[warn | PowerModels]: the voltage setpoint on generator 498 does not match the value at bus 2449
[warn | PowerModels]: the voltage setpoint on generator 144 does not match the value at bus 1776
[warn | PowerModels]: the voltage setpoint on generator 420 does not match the value at bus 2352
[warn | PowerModels]: the voltage setpoint on generator 220 does not match the value at bus 2919
[warn | PowerModels]: the voltage setpoint on generator 22 does not match the value at bus 542
[warn | PowerModels]: the voltage setpoint on generator 11 does not match the value at bus 968
[warn | PowerModels]: the voltage setpoint on generator 271 does not match the value at bus 876
[warn | PowerModels]: the voltage setpoint on generator 383 does not match the value at bus 2307
[warn | PowerModels]: the voltage setpoint on generator 540 does not match the value at bus 2530
[warn | PowerModels]: the voltage setpoint on generator 434 does not match the value at bus 2366
[warn | PowerModels]: the voltage setpoint on generator 324 does not match the value at bus 1614
[warn | PowerModels]: the voltage setpoint on generator 483 does not match the value at bus 2432
[warn | PowerModels]: the voltage setpoint on generator 277 does not match the value at bus 2628
[warn | PowerModels]: the voltage setpoint on generator 398 does not match the value at bus 2324
[warn | PowerModels]: the voltage setpoint on generator 16 does not match the value at bus 2863
[warn | PowerModels]: the voltage setpoint on generator 490 does not match the value at bus 2441
[warn | PowerModels]: the voltage setpoint on generator 331 does not match the value at bus 697
[warn | PowerModels]: the voltage setpoint on generator 506 does not match the value at bus 2460
[warn | PowerModels]: the voltage setpoint on generator 40 does not match the value at bus 1679
[warn | PowerModels]: the voltage setpoint on generator 72 does not match the value at bus 1405
[warn | PowerModels]: the voltage setpoint on generator 128 does not match the value at bus 240
[warn | PowerModels]: the voltage setpoint on generator 472 does not match the value at bus 2418
[warn | PowerModels]: the voltage setpoint on generator 524 does not match the value at bus 2502
[warn | PowerModels]: the voltage setpoint on generator 145 does not match the value at bus 1776
[warn | PowerModels]: the voltage setpoint on generator 36 does not match the value at bus 53
[warn | PowerModels]: the voltage setpoint on generator 95 does not match the value at bus 745
[warn | PowerModels]: the voltage setpoint on generator 138 does not match the value at bus 962
[warn | PowerModels]: the voltage setpoint on generator 336 does not match the value at bus 1164
[warn | PowerModels]: the voltage setpoint on generator 414 does not match the value at bus 2344
[warn | PowerModels]: the voltage setpoint on generator 294 does not match the value at bus 1160
[warn | PowerModels]: the voltage setpoint on generator 353 does not match the value at bus 2270
[warn | PowerModels]: the voltage setpoint on generator 232 does not match the value at bus 2932
[warn | PowerModels]: the voltage setpoint on generator 153 does not match the value at bus 731

******************************************************************************
This program contains Ipopt, a library for large-scale nonlinear optimization.
 Ipopt is released as open source code under the Eclipse Public License (EPL).
         For more information visit http://projects.coin-or.org/Ipopt
******************************************************************************

Progress:   0%|                                         |  ETA: 3 days, 8:24:21[KProgress:   0%|                                         |  ETA: 2 days, 1:24:04[KProgress:   0%|                                         |  ETA: 1 days, 15:27:47[KProgress:   0%|                                         |  ETA: 1 days, 10:05:48[KProgress:   0%|                                         |  ETA: 1 days, 6:38:04[KProgress:   0%|                                         |  ETA: 1 days, 4:42:07[KProgress:   0%|                                         |  ETA: 1 days, 3:27:37[KProgress:   0%|                                         |  ETA: 1 days, 2:12:54[KProgress:   0%|                                         |  ETA: 1 days, 1:22:20[KProgress:   0%|                                         |  ETA: 1 days, 0:44:15[KProgress:   0%|                                         |  ETA: 1 days, 0:08:22[KProgress:   0%|                                         |  ETA: 23:32:24[KProgress:   0%|                                         |  ETA: 23:01:48[KProgress:   0%|                                         |  ETA: 22:42:58[KProgress:   0%|                                         |  ETA: 22:27:31[KProgress:   0%|                                         |  ETA: 22:06:54[KProgress:   0%|                                         |  ETA: 21:46:43[KProgress:   0%|                                         |  ETA: 21:35:46[KProgress:   0%|                                         |  ETA: 21:23:02[KProgress:   0%|                                         |  ETA: 21:20:29[KProgress:   0%|                                         |  ETA: 21:12:43[KProgress:   0%|                                         |  ETA: 21:00:54[KProgress:   0%|                                         |  ETA: 20:52:52[KProgress:   0%|                                         |  ETA: 20:45:36[KProgress:   0%|                                         |  ETA: 20:38:44[KProgress:   0%|                                         |  ETA: 20:3