successfully obtained license
failed to connect to server
Working on case2869_pegase: data_file = pglib-opf/pglib_opf_case2869_pegase.m[warn | PowerModels]: reversing the orientation of branch 1148 (3113, 5289) to be consistent with other parallel branches
[warn | PowerModels]: reversing the orientation of branch 3759 (4614, 7011) to be consistent with other parallel branches
[warn | PowerModels]: the voltage setpoint on generator 306 does not match the value at bus 5379
[warn | PowerModels]: the voltage setpoint on generator 407 does not match the value at bus 7270
[warn | PowerModels]: the voltage setpoint on generator 1 does not match the value at bus 32
[warn | PowerModels]: the voltage setpoint on generator 54 does not match the value at bus 1002
[warn | PowerModels]: the voltage setpoint on generator 101 does not match the value at bus 1888
[warn | PowerModels]: the voltage setpoint on generator 371 does not match the value at bus 6552
[warn | PowerModels]: the voltage setpoint on generator 41 does not match the value at bus 803
[warn | PowerModels]: the voltage setpoint on generator 464 does not match the value at bus 8486
[warn | PowerModels]: the voltage setpoint on generator 65 does not match the value at bus 1174
[warn | PowerModels]: the voltage setpoint on generator 475 does not match the value at bus 8721
[warn | PowerModels]: the voltage setpoint on generator 447 does not match the value at bus 8158
[warn | PowerModels]: the voltage setpoint on generator 335 does not match the value at bus 5831
[warn | PowerModels]: the voltage setpoint on generator 362 does not match the value at bus 6368
[warn | PowerModels]: the voltage setpoint on generator 505 does not match the value at bus 9137
[warn | PowerModels]: the voltage setpoint on generator 491 does not match the value at bus 8973
[warn | PowerModels]: the voltage setpoint on generator 326 does not match the value at bus 5726
[warn | PowerModels]: the voltage setpoint on generator 299 does not match the value at bus 5280
[warn | PowerModels]: the voltage setpoint on generator 168 does not match the value at bus 3028
[warn | PowerModels]: the voltage setpoint on generator 159 does not match the value at bus 2878
[warn | PowerModels]: the voltage setpoint on generator 403 does not match the value at bus 7209
[warn | PowerModels]: the voltage setpoint on generator 228 does not match the value at bus 3987
[warn | PowerModels]: the voltage setpoint on generator 332 does not match the value at bus 5823
[warn | PowerModels]: the voltage setpoint on generator 190 does not match the value at bus 3390
[warn | PowerModels]: the voltage setpoint on generator 227 does not match the value at bus 3983
[warn | PowerModels]: the voltage setpoint on generator 270 does not match the value at bus 4823
[warn | PowerModels]: the voltage setpoint on generator 476 does not match the value at bus 8729
[warn | PowerModels]: the voltage setpoint on generator 223 does not match the value at bus 3876
[warn | PowerModels]: the voltage setpoint on generator 453 does not match the value at bus 8225
[warn | PowerModels]: the voltage setpoint on generator 88 does not match the value at bus 1685
[warn | PowerModels]: the voltage setpoint on generator 467 does not match the value at bus 8564
[warn | PowerModels]: the voltage setpoint on generator 297 does not match the value at bus 5239
[warn | PowerModels]: the voltage setpoint on generator 26 does not match the value at bus 628
[warn | PowerModels]: the voltage setpoint on generator 289 does not match the value at bus 5067
[warn | PowerModels]: the voltage setpoint on generator 250 does not match the value at bus 4419
[warn | PowerModels]: the voltage setpoint on generator 77 does not match the value at bus 1422
[warn | PowerModels]: the voltage setpoint on generator 230 does not match the value at bus 4024
[warn | PowerModels]: the voltage setpoint on generator 24 does not match the value at bus 616
[warn | PowerModels]: the voltage setpoint on generator 449 does not match the value at bus 8207
[warn | PowerModels]: the voltage setpoint on generator 394 does not match the value at bus 7049
[warn | PowerModels]: the voltage setpoint on generator 258 does not match the value at bus 4624
[warn | PowerModels]: the voltage setpoint on generator 328 does not match the value at bus 5781
[warn | PowerModels]: the voltage setpoint on generator 204 does not match the value at bus 3644
[warn | PowerModels]: the voltage setpoint on generator 387 does not match the value at bus 6888
[warn | PowerModels]: the voltage setpoint on generator 23 does not match the value at bus 615
[warn | PowerModels]: the voltage setpoint on generator 160 does not match the value at bus 2886
[warn | PowerModels]: the voltage setpoint on generator 416 does not match the value at bus 7466
[warn | PowerModels]: the voltage setpoint on generator 450 does not match the value at bus 8210
[warn | PowerModels]: the voltage setpoint on generator 149 does not match the value at bus 2786
[warn | PowerModels]: the voltage setpoint on generator 359 does not match the value at bus 6331
[warn | PowerModels]: the voltage setpoint on generator 59 does not match the value at bus 1083
[warn | PowerModels]: the voltage setpoint on generator 184 does not match the value at bus 3324
[warn | PowerModels]: the voltage setpoint on generator 43 does not match the value at bus 823
[warn | PowerModels]: the voltage setpoint on generator 122 does not match the value at bus 2236
[warn | PowerModels]: the voltage setpoint on generator 253 does not match the value at bus 4480
[warn | PowerModels]: the voltage setpoint on generator 302 does not match the value at bus 5329
[warn | PowerModels]: the voltage setpoint on generator 175 does not match the value at bus 3157
[warn | PowerModels]: the voltage setpoint on generator 415 does not match the value at bus 7446
[warn | PowerModels]: the voltage setpoint on generator 39 does not match the value at bus 780
[warn | PowerModels]: the voltage setpoint on generator 143 does not match the value at bus 2653
[warn | PowerModels]: the voltage setpoint on generator 112 does not match the value at bus 2085
[warn | PowerModels]: the voltage setpoint on generator 372 does not match the value at bus 6632
[warn | PowerModels]: the voltage setpoint on generator 34 does not match the value at bus 749
[warn | PowerModels]: the voltage setpoint on generator 501 does not match the value at bus 9067
[warn | PowerModels]: the voltage setpoint on generator 293 does not match the value at bus 5120
[warn | PowerModels]: the voltage setpoint on generator 421 does not match the value at bus 7520
[warn | PowerModels]: the voltage setpoint on generator 137 does not match the value at bus 2517
[warn | PowerModels]: the voltage setpoint on generator 55 does not match the value at bus 1021
[warn | PowerModels]: the voltage setpoint on generator 323 does not match the value at bus 5669
[warn | PowerModels]: the voltage setpoint on generator 17 does not match the value at bus 442
[warn | PowerModels]: the voltage setpoint on generator 243 does not match the value at bus 4291
[warn | PowerModels]: the voltage setpoint on generator 318 does not match the value at bus 5533
[warn | PowerModels]: the voltage setpoint on generator 9 does not match the value at bus 201
[warn | PowerModels]: the voltage setpoint on generator 172 does not match the value at bus 3133
[warn | PowerModels]: the voltage setpoint on generator 333 does not match the value at bus 5825
[warn | PowerModels]: the voltage setpoint on generator 363 does not match the value at bus 6376
[warn | PowerModels]: the voltage setpoint on generator 12 does not match the value at bus 338
[warn | PowerModels]: the voltage setpoint on generator 192 does not match the value at bus 3422
[warn | PowerModels]: the voltage setpoint on generator 20 does not match the value at bus 516
[warn | PowerModels]: the voltage setpoint on generator 292 does not match the value at bus 5110
[warn | PowerModels]: the voltage setpoint on generator 350 does not match the value at bus 6145
[warn | PowerModels]: the voltage setpoint on generator 252 does not match the value at bus 4442
[warn | PowerModels]: the voltage setpoint on generator 357 does not match the value at bus 6291
[warn | PowerModels]: the voltage setpoint on generator 341 does not match the value at bus 5983
[warn | PowerModels]: the voltage setpoint on generator 417 does not match the value at bus 7474
[warn | PowerModels]: the voltage setpoint on generator 462 does not match the value at bus 8458
[warn | PowerModels]: the voltage setpoint on generator 426 does not match the value at bus 7659
[warn | PowerModels]: the voltage setpoint on generator 14 does not match the value at bus 389
[warn | PowerModels]: the voltage setpoint on generator 167 does not match the value at bus 3018
[warn | PowerModels]: the voltage setpoint on generator 127 does not match the value at bus 2359
[warn | PowerModels]: the voltage setpoint on generator 96 does not match the value at bus 1794
[warn | PowerModels]: the voltage setpoint on generator 123 does not match the value at bus 2267
[warn | PowerModels]: the voltage setpoint on generator 456 does not match the value at bus 8247
[warn | PowerModels]: the voltage setpoint on generator 177 does not match the value at bus 3183
[warn | PowerModels]: the voltage setpoint on generator 254 does not match the value at bus 4482
[warn | PowerModels]: the voltage setpoint on generator 300 does not match the value at bus 5290
[warn | PowerModels]: the voltage setpoint on generator 257 does not match the value at bus 4586
[warn | PowerModels]: the voltage setpoint on generator 510 does not match the value at bus 9239
[warn | PowerModels]: the voltage setpoint on generator 19 does not match the value at bus 489
[warn | PowerModels]: the voltage setpoint on generator 179 does not match the value at bus 3218
[warn | PowerModels]: the voltage setpoint on generator 242 does not match the value at bus 4279
[warn | PowerModels]: the voltage setpoint on generator 396 does not match the value at bus 7058
[warn | PowerModels]: the voltage setpoint on generator 260 does not match the value at bus 4661
[warn | PowerModels]: the voltage setpoint on generator 495 does not match the value at bus 8993
[warn | PowerModels]: the voltage setpoint on generator 239 does not match the value at bus 4204
[warn | PowerModels]: the voltage setpoint on generator 35 does not match the value at bus 751
[warn | PowerModels]: the voltage setpoint on generator 423 does not match the value at bus 7628
[warn | PowerModels]: the voltage setpoint on generator 317 does not match the value at bus 5512
[warn | PowerModels]: the voltage setpoint on generator 197 does not match the value at bus 3580
[warn | PowerModels]: the voltage setpoint on generator 131 does not match the value at bus 2426
[warn | PowerModels]: the voltage setpoint on generator 488 does not match the value at bus 8950
[warn | PowerModels]: the voltage setpoint on generator 401 does not match the value at bus 7159
[warn | PowerModels]: the voltage setpoint on generator 276 does not match the value at bus 4918
[warn | PowerModels]: the voltage setpoint on generator 316 does not match the value at bus 5490
[warn | PowerModels]: the voltage setpoint on generator 365 does not match the value at bus 6429
[warn | PowerModels]: the voltage setpoint on generator 458 does not match the value at bus 8278
[warn | PowerModels]: the voltage setpoint on generator 463 does not match the value at bus 8473
[warn | PowerModels]: the voltage setpoint on generator 494 does not match the value at bus 8987
[warn | PowerModels]: the voltage setpoint on generator 21 does not match the value at bus 564
[warn | PowerModels]: the voltage setpoint on generator 263 does not match the value at bus 4701
[warn | PowerModels]: the voltage setpoint on generator 83 does not match the value at bus 1570
[warn | PowerModels]: the voltage setpoint on generator 244 does not match the value at bus 4331
[warn | PowerModels]: the voltage setpoint on generator 45 does not match the value at bus 851
[warn | PowerModels]: the voltage setpoint on generator 295 does not match the value at bus 5171
[warn | PowerModels]: the voltage setpoint on generator 139 does not match the value at bus 2572
[warn | PowerModels]: the voltage setpoint on generator 181 does not match the value at bus 3240
[warn | PowerModels]: the voltage setpoint on generator 386 does not match the value at bus 6877
[warn | PowerModels]: the voltage setpoint on generator 368 does not match the value at bus 6474
[warn | PowerModels]: the voltage setpoint on generator 436 does not match the value at bus 7842
[warn | PowerModels]: the voltage setpoint on generator 440 does not match the value at bus 7960
[warn | PowerModels]: the voltage setpoint on generator 85 does not match the value at bus 1618
[warn | PowerModels]: the voltage setpoint on generator 413 does not match the value at bus 7329
[warn | PowerModels]: the voltage setpoint on generator 105 does not match the value at bus 1914
[warn | PowerModels]: the voltage setpoint on generator 30 does not match the value at bus 686
[warn | PowerModels]: the voltage setpoint on generator 3 does not match the value at bus 39
[warn | PowerModels]: the voltage setpoint on generator 309 does not match the value at bus 5425
[warn | PowerModels]: the voltage setpoint on generator 81 does not match the value at bus 1478
[warn | PowerModels]: the voltage setpoint on generator 400 does not match the value at bus 7137
[warn | PowerModels]: the voltage setpoint on generator 480 does not match the value at bus 8818
[warn | PowerModels]: the voltage setpoint on generator 482 does not match the value at bus 8871
[warn | PowerModels]: the voltage setpoint on generator 296 does not match the value at bus 5237
[warn | PowerModels]: the voltage setpoint on generator 27 does not match the value at bus 639
[warn | PowerModels]: the voltage setpoint on generator 75 does not match the value at bus 1399
[warn | PowerModels]: the voltage setpoint on generator 392 does not match the value at bus 7029
[warn | PowerModels]: the voltage setpoint on generator 503 does not match the value at bus 9101
[warn | PowerModels]: the voltage setpoint on generator 50 does not match the value at bus 930
[warn | PowerModels]: the voltage setpoint on generator 460 does not match the value at bus 8312
[warn | PowerModels]: the voltage setpoint on generator 162 does not match the value at bus 2902
[warn | PowerModels]: the voltage setpoint on generator 63 does not match the value at bus 1121
[warn | PowerModels]: the voltage setpoint on generator 303 does not match the value at bus 5340
[warn | PowerModels]: the voltage setpoint on generator 92 does not match the value at bus 1747
[warn | PowerModels]: the voltage setpoint on generator 422 does not match the value at bus 7522
[warn | PowerModels]: the voltage setpoint on generator 208 does not match the value at bus 3673
[warn | PowerModels]: the voltage setpoint on generator 214 does not match the value at bus 3723
[warn | PowerModels]: the voltage setpoint on generator 120 does not match the value at bus 2206
[warn | PowerModels]: the voltage setpoint on generator 224 does not match the value at bus 3916
[warn | PowerModels]: the voltage setpoint on generator 87 does not match the value at bus 1680
[warn | PowerModels]: the voltage setpoint on generator 117 does not match the value at bus 2177
[warn | PowerModels]: the voltage setpoint on generator 255 does not match the value at bus 4506
[warn | PowerModels]: the voltage setpoint on generator 499 does not match the value at bus 9043
[warn | PowerModels]: the voltage setpoint on generator 178 does not match the value at bus 3205
[warn | PowerModels]: the voltage setpoint on generator 89 does not match the value at bus 1697
[warn | PowerModels]: the voltage setpoint on generator 275 does not match the value at bus 4897
[warn | PowerModels]: the voltage setpoint on generator 176 does not match the value at bus 3163
[warn | PowerModels]: the voltage setpoint on generator 182 does not match the value at bus 3291
[warn | PowerModels]: the voltage setpoint on generator 496 does not match the value at bus 8997
[warn | PowerModels]: the voltage setpoint on generator 225 does not match the value at bus 3951
[warn | PowerModels]: the voltage setpoint on generator 195 does not match the value at bus 3513
[warn | PowerModels]: the voltage setpoint on generator 286 does not match the value at bus 5051
[warn | PowerModels]: the voltage setpoint on generator 249 does not match the value at bus 4395
[warn | PowerModels]: the voltage setpoint on generator 485 does not match the value at bus 8903
[warn | PowerModels]: the voltage setpoint on generator 161 does not match the value at bus 2896
[warn | PowerModels]: the voltage setpoint on generator 442 does not match the value at bus 8043
[warn | PowerModels]: the voltage setpoint on generator 202 does not match the value at bus 3621
[warn | PowerModels]: the voltage setpoint on generator 346 does not match the value at bus 6090
[warn | PowerModels]: the voltage setpoint on generator 389 does not match the value at bus 6947
[warn | PowerModels]: the voltage setpoint on generator 459 does not match the value at bus 8311
[warn | PowerModels]: the voltage setpoint on generator 465 does not match the value at bus 8515
[warn | PowerModels]: the voltage setpoint on generator 146 does not match the value at bus 2686
[warn | PowerModels]: the voltage setpoint on generator 142 does not match the value at bus 2642
[warn | PowerModels]: the voltage setpoint on generator 219 does not match the value at bus 3821
[warn | PowerModels]: the voltage setpoint on generator 256 does not match the value at bus 4566
[warn | PowerModels]: the voltage setpoint on generator 291 does not match the value at bus 5097
[warn | PowerModels]: the voltage setpoint on generator 80 does not match the value at bus 1475
[warn | PowerModels]: the voltage setpoint on generator 203 does not match the value at bus 3629
[warn | PowerModels]: the voltage setpoint on generator 308 does not match the value at bus 5409
[warn | PowerModels]: the voltage setpoint on generator 360 does not match the value at bus 6332
[warn | PowerModels]: the voltage setpoint on generator 432 does not match the value at bus 7779
[warn | PowerModels]: the voltage setpoint on generator 113 does not match the value at bus 2091
[warn | PowerModels]: the voltage setpoint on generator 110 does not match the value at bus 2035
[warn | PowerModels]: the voltage setpoint on generator 418 does not match the value at bus 7495
[warn | PowerModels]: the voltage setpoint on generator 492 does not match the value at bus 8976
[warn | PowerModels]: the voltage setpoint on generator 445 does not match the value at bus 8087
[warn | PowerModels]: the voltage setpoint on generator 322 does not match the value at bus 5664
[warn | PowerModels]: the voltage setpoint on generator 431 does not match the value at bus 7776
[warn | PowerModels]: the voltage setpoint on generator 269 does not match the value at bus 4819
[warn | PowerModels]: the voltage setpoint on generator 157 does not match the value at bus 2853
[warn | PowerModels]: the voltage setpoint on generator 57 does not match the value at bus 1036
[warn | PowerModels]: the voltage setpoint on generator 165 does not match the value at bus 2946
[warn | PowerModels]: the voltage setpoint on generator 231 does not match the value at bus 4026
[warn | PowerModels]: the voltage setpoint on generator 384 does not match the value at bus 6852
[warn | PowerModels]: the voltage setpoint on generator 327 does not match the value at bus 5742
[warn | PowerModels]: the voltage setpoint on generator 173 does not match the value at bus 3134
[warn | PowerModels]: the voltage setpoint on generator 284 does not match the value at bus 5019
[warn | PowerModels]: the voltage setpoint on generator 200 does not match the value at bus 3585
[warn | PowerModels]: the voltage setpoint on generator 171 does not match the value at bus 3114
[warn | PowerModels]: the voltage setpoint on generator 233 does not match the value at bus 4084
[warn | PowerModels]: the voltage setpoint on generator 428 does not match the value at bus 7697
[warn | PowerModels]: the voltage setpoint on generator 345 does not match the value at bus 6036
[warn | PowerModels]: the voltage setpoint on generator 130 does not match the value at bus 2425
[warn | PowerModels]: the voltage setpoint on generator 273 does not match the value at bus 4850
[warn | PowerModels]: the voltage setpoint on generator 319 does not match the value at bus 5546
[warn | PowerModels]: the voltage setpoint on generator 478 does not match the value at bus 8795
[warn | PowerModels]: the voltage setpoint on generator 312 does not match the value at bus 5481
[warn | PowerModels]: the voltage setpoint on generator 502 does not match the value at bus 9097
[warn | PowerModels]: the voltage setpoint on generator 15 does not match the value at bus 413
[warn | PowerModels]: the voltage setpoint on generator 61 does not match the value at bus 1100
[warn | PowerModels]: the voltage setpoint on generator 67 does not match the value at bus 1237
[warn | PowerModels]: the voltage setpoint on generator 247 does not match the value at bus 4338
[warn | PowerModels]: the voltage setpoint on generator 108 does not match the value at bus 1999
[warn | PowerModels]: the voltage setpoint on generator 100 does not match the value at bus 1852
[warn | PowerModels]: the voltage setpoint on generator 344 does not match the value at bus 6000
[warn | PowerModels]: the voltage setpoint on generator 385 does not match the value at bus 6857
[warn | PowerModels]: the voltage setpoint on generator 457 does not match the value at bus 8267
[warn | PowerModels]: the voltage setpoint on generator 500 does not match the value at bus 9055
[warn | PowerModels]: the voltage setpoint on generator 46 does not match the value at bus 858
[warn | PowerModels]: the voltage setpoint on generator 251 does not match the value at bus 4428
[warn | PowerModels]: the voltage setpoint on generator 444 does not match the value at bus 8066
[warn | PowerModels]: the voltage setpoint on generator 170 does not match the value at bus 3113
[warn | PowerModels]: the voltage setpoint on generator 151 does not match the value at bus 2799
[warn | PowerModels]: the voltage setpoint on generator 248 does not match the value at bus 4393
[warn | PowerModels]: the voltage setpoint on generator 68 does not match the value at bus 1241
[warn | PowerModels]: the voltage setpoint on generator 56 does not match the value at bus 1030
[warn | PowerModels]: the voltage setpoint on generator 147 does not match the value at bus 2719
[warn | PowerModels]: the voltage setpoint on generator 454 does not match the value at bus 8240
[warn | PowerModels]: the voltage setpoint on generator 452 does not match the value at bus 8223
[warn | PowerModels]: the voltage setpoint on generator 76 does not match the value at bus 1409
[warn | PowerModels]: the voltage setpoint on generator 186 does not match the value at bus 3335
[warn | PowerModels]: the voltage setpoint on generator 342 does not match the value at bus 5991
[warn | PowerModels]: the voltage setpoint on generator 438 does not match the value at bus 7913
[warn | PowerModels]: the voltage setpoint on generator 180 does not match the value at bus 3233
[warn | PowerModels]: the voltage setpoint on generator 135 does not match the value at bus 2481
[warn | PowerModels]: the voltage setpoint on generator 262 does not match the value at bus 4690
[warn | PowerModels]: the voltage setpoint on generator 48 does not match the value at bus 913
[warn | PowerModels]: the voltage setpoint on generator 103 does not match the value at bus 1898
[warn | PowerModels]: the voltage setpoint on generator 355 does not match the value at bus 6239
[warn | PowerModels]: the voltage setpoint on generator 393 does not match the value at bus 7036
[warn | PowerModels]: the voltage setpoint on generator 408 does not match the value at bus 7279
[warn | PowerModels]: the voltage setpoint on generator 32 does not match the value at bus 709
[warn | PowerModels]: the voltage setpoint on generator 109 does not match the value at bus 2030
[warn | PowerModels]: the voltage setpoint on generator 264 does not match the value at bus 4772
[warn | PowerModels]: the voltage setpoint on generator 320 does not match the value at bus 5564
[warn | PowerModels]: the voltage setpoint on generator 217 does not match the value at bus 3792
[warn | PowerModels]: the voltage setpoint on generator 334 does not match the value at bus 5828
[warn | PowerModels]: the voltage setpoint on generator 405 does not match the value at bus 7260
[warn | PowerModels]: the voltage setpoint on generator 2 does not match the value at bus 33
[warn | PowerModels]: the voltage setpoint on generator 183 does not match the value at bus 3306
[warn | PowerModels]: the voltage setpoint on generator 155 does not match the value at bus 2841
[warn | PowerModels]: the voltage setpoint on generator 51 does not match the value at bus 972
[warn | PowerModels]: the voltage setpoint on generator 53 does not match the value at bus 1001
[warn | PowerModels]: the voltage setpoint on generator 106 does not match the value at bus 1947
[warn | PowerModels]: the voltage setpoint on generator 435 does not match the value at bus 7833
[warn | PowerModels]: the voltage setpoint on generator 489 does not match the value at bus 8956
[warn | PowerModels]: the voltage setpoint on generator 111 does not match the value at bus 2050
[warn | PowerModels]: the voltage setpoint on generator 141 does not match the value at bus 2627
[warn | PowerModels]: the voltage setpoint on generator 287 does not match the value at bus 5060
[warn | PowerModels]: the voltage setpoint on generator 93 does not match the value at bus 1754
[warn | PowerModels]: the voltage setpoint on generator 213 does not match the value at bus 3711
[warn | PowerModels]: the voltage setpoint on generator 278 does not match the value at bus 4945
[warn | PowerModels]: the voltage setpoint on generator 10 does not match the value at bus 221
[warn | PowerModels]: the voltage setpoint on generator 340 does not match the value at bus 5971
[warn | PowerModels]: the voltage setpoint on generator 474 does not match the value at bus 8702
[warn | PowerModels]: the voltage setpoint on generator 356 does not match the value at bus 6280
[warn | PowerModels]: the voltage setpoint on generator 265 does not match the value at bus 4773
[warn | PowerModels]: the voltage setpoint on generator 215 does not match the value at bus 3741
[warn | PowerModels]: the voltage setpoint on generator 305 does not match the value at bus 5365
[warn | PowerModels]: the voltage setpoint on generator 443 does not match the value at bus 8044
[warn | PowerModels]: the voltage setpoint on generator 424 does not match the value at bus 7630
[warn | PowerModels]: the voltage setpoint on generator 154 does not match the value at bus 2817
[warn | PowerModels]: the voltage setpoint on generator 321 does not match the value at bus 5658
[warn | PowerModels]: the voltage setpoint on generator 358 does not match the value at bus 6329
[warn | PowerModels]: the voltage setpoint on generator 49 does not match the value at bus 916
[warn | PowerModels]: the voltage setpoint on generator 218 does not match the value at bus 3809
[warn | PowerModels]: the voltage setpoint on generator 5 does not match the value at bus 124
[warn | PowerModels]: the voltage setpoint on generator 62 does not match the value at bus 1102
[warn | PowerModels]: the voltage setpoint on generator 196 does not match the value at bus 3565
[warn | PowerModels]: the voltage setpoint on generator 90 does not match the value at bus 1708
[warn | PowerModels]: the voltage setpoint on generator 234 does not match the value at bus 4118
[warn | PowerModels]: the voltage setpoint on generator 446 does not match the value at bus 8109
[warn | PowerModels]: the voltage setpoint on generator 404 does not match the value at bus 7257
[warn | PowerModels]: the voltage setpoint on generator 205 does not match the value at bus 3656
[warn | PowerModels]: the voltage setpoint on generator 237 does not match the value at bus 4182
[warn | PowerModels]: the voltage setpoint on generator 201 does not match the value at bus 3611
[warn | PowerModels]: the voltage setpoint on generator 311 does not match the value at bus 5465
[warn | PowerModels]: the voltage setpoint on generator 390 does not match the value at bus 6969
[warn | PowerModels]: the voltage setpoint on generator 315 does not match the value at bus 5488
[warn | PowerModels]: the voltage setpoint on generator 448 does not match the value at bus 8159
[warn | PowerModels]: the voltage setpoint on generator 298 does not match the value at bus 5278
[warn | PowerModels]: the voltage setpoint on generator 461 does not match the value at bus 8378
[warn | PowerModels]: the voltage setpoint on generator 366 does not match the value at bus 6436
[warn | PowerModels]: the voltage setpoint on generator 164 does not match the value at bus 2934
[warn | PowerModels]: the voltage setpoint on generator 419 does not match the value at bus 7504
[warn | PowerModels]: the voltage setpoint on generator 380 does not match the value at bus 6820
[warn | PowerModels]: the voltage setpoint on generator 86 does not match the value at bus 1642
[warn | PowerModels]: the voltage setpoint on generator 126 does not match the value at bus 2335
[warn | PowerModels]: the voltage setpoint on generator 152 does not match the value at bus 2800
[warn | PowerModels]: the voltage setpoint on generator 71 does not match the value at bus 1295
[warn | PowerModels]: the voltage setpoint on generator 37 does not match the value at bus 776
[warn | PowerModels]: the voltage setpoint on generator 226 does not match the value at bus 3971
[warn | PowerModels]: the voltage setpoint on generator 399 does not match the value at bus 7115
[warn | PowerModels]: the voltage setpoint on generator 245 does not match the value at bus 4333
[warn | PowerModels]: the voltage setpoint on generator 469 does not match the value at bus 8625
[warn | PowerModels]: the voltage setpoint on generator 487 does not match the value at bus 8946
[warn | PowerModels]: the voltage setpoint on generator 266 does not match the value at bus 4776
[warn | PowerModels]: the voltage setpoint on generator 268 does not match the value at bus 4816
[warn | PowerModels]: the voltage setpoint on generator 6 does not match the value at bus 150
[warn | PowerModels]: the voltage setpoint on generator 441 does not match the value at bus 7998
[warn | PowerModels]: the voltage setpoint on generator 125 does not match the value at bus 2291
[warn | PowerModels]: the voltage setpoint on generator 98 does not match the value at bus 1850
[warn | PowerModels]: the voltage setpoint on generator 473 does not match the value at bus 8683
[warn | PowerModels]: the voltage setpoint on generator 272 does not match the value at bus 4846
[warn | PowerModels]: the voltage setpoint on generator 379 does not match the value at bus 6816
[warn | PowerModels]: the voltage setpoint on generator 174 does not match the value at bus 3150
[warn | PowerModels]: the voltage setpoint on generator 187 does not match the value at bus 3346
[warn | PowerModels]: the voltage setpoint on generator 471 does not match the value at bus 8670
[warn | PowerModels]: the voltage setpoint on generator 493 does not match the value at bus 8981
[warn | PowerModels]: the voltage setpoint on generator 7 does not match the value at bus 179
[warn | PowerModels]: the voltage setpoint on generator 361 does not match the value at bus 6351
[warn | PowerModels]: the voltage setpoint on generator 261 does not match the value at bus 4663
[warn | PowerModels]: the voltage setpoint on generator 194 does not match the value at bus 3492
[warn | PowerModels]: the voltage setpoint on generator 140 does not match the value at bus 2600
[warn | PowerModels]: the voltage setpoint on generator 486 does not match the value at bus 8927
[warn | PowerModels]: the voltage setpoint on generator 397 does not match the value at bus 7075
[warn | PowerModels]: the voltage setpoint on generator 337 does not match the value at bus 5881
[warn | PowerModels]: the voltage setpoint on generator 107 does not match the value at bus 1959
[warn | PowerModels]: the voltage setpoint on generator 102 does not match the value at bus 1890
[warn | PowerModels]: the voltage setpoint on generator 69 does not match the value at bus 1251
[warn | PowerModels]: the voltage setpoint on generator 354 does not match the value at bus 6233
[warn | PowerModels]: the voltage setpoint on generator 282 does not match the value at bus 4967
[warn | PowerModels]: the voltage setpoint on generator 97 does not match the value at bus 1808
[warn | PowerModels]: the voltage setpoint on generator 4 does not match the value at bus 51
[warn | PowerModels]: the voltage setpoint on generator 221 does not match the value at bus 3840
[warn | PowerModels]: the voltage setpoint on generator 235 does not match the value at bus 4125
[warn | PowerModels]: the voltage setpoint on generator 212 does not match the value at bus 3698
[warn | PowerModels]: the voltage setpoint on generator 210 does not match the value at bus 3691
[warn | PowerModels]: the voltage setpoint on generator 369 does not match the value at bus 6484
[warn | PowerModels]: the voltage setpoint on generator 13 does not match the value at bus 352
[warn | PowerModels]: the voltage setpoint on generator 136 does not match the value at bus 2489
[warn | PowerModels]: the voltage setpoint on generator 211 does not match the value at bus 3692
[warn | PowerModels]: the voltage setpoint on generator 134 does not match the value at bus 2468
[warn | PowerModels]: the voltage setpoint on generator 133 does not match the value at bus 2460
[warn | PowerModels]: the voltage setpoint on generator 148 does not match the value at bus 2764
[warn | PowerModels]: the voltage setpoint on generator 240 does not match the value at bus 4231
[warn | PowerModels]: the voltage setpoint on generator 329 does not match the value at bus 5787
[warn | PowerModels]: the voltage setpoint on generator 193 does not match the value at bus 3436
[warn | PowerModels]: the voltage setpoint on generator 373 does not match the value at bus 6654
[warn | PowerModels]: the voltage setpoint on generator 118 does not match the value at bus 2193
[warn | PowerModels]: the voltage setpoint on generator 283 does not match the value at bus 5004
[warn | PowerModels]: the voltage setpoint on generator 246 does not match the value at bus 4337
[warn | PowerModels]: the voltage setpoint on generator 466 does not match the value at bus 8522
[warn | PowerModels]: the voltage setpoint on generator 508 does not match the value at bus 9174
[warn | PowerModels]: the voltage setpoint on generator 38 does not match the value at bus 778
[warn | PowerModels]: the voltage setpoint on generator 375 does not match the value at bus 6681
[warn | PowerModels]: the voltage setpoint on generator 188 does not match the value at bus 3353
[warn | PowerModels]: the voltage setpoint on generator 307 does not match the value at bus 5395
[warn | PowerModels]: the voltage setpoint on generator 199 does not match the value at bus 3584
[warn | PowerModels]: the voltage setpoint on generator 116 does not match the value at bus 2150
[warn | PowerModels]: the voltage setpoint on generator 378 does not match the value at bus 6807
[warn | PowerModels]: the voltage setpoint on generator 425 does not match the value at bus 7641
[warn | PowerModels]: the voltage setpoint on generator 376 does not match the value at bus 6734
[warn | PowerModels]: the voltage setpoint on generator 66 does not match the value at bus 1175
[warn | PowerModels]: the voltage setpoint on generator 411 does not match the value at bus 7327
[warn | PowerModels]: the voltage setpoint on generator 241 does not match the value at bus 4259
[warn | PowerModels]: the voltage setpoint on generator 301 does not match the value at bus 5299
[warn | PowerModels]: the voltage setpoint on generator 468 does not match the value at bus 8605
[warn | PowerModels]: the voltage setpoint on generator 18 does not match the value at bus 453
[warn | PowerModels]: the voltage setpoint on generator 455 does not match the value at bus 8242
[warn | PowerModels]: the voltage setpoint on generator 132 does not match the value at bus 2446
[warn | PowerModels]: the voltage setpoint on generator 29 does not match the value at bus 682
[warn | PowerModels]: the voltage setpoint on generator 477 does not match the value at bus 8771
[warn | PowerModels]: the voltage setpoint on generator 78 does not match the value at bus 1436
[warn | PowerModels]: the voltage setpoint on generator 470 does not match the value at bus 8630
[warn | PowerModels]: the voltage setpoint on generator 388 does not match the value at bus 6936
[warn | PowerModels]: the voltage setpoint on generator 367 does not match the value at bus 6459
[warn | PowerModels]: the voltage setpoint on generator 382 does not match the value at bus 6838
[warn | PowerModels]: the voltage setpoint on generator 74 does not match the value at bus 1391
[warn | PowerModels]: the voltage setpoint on generator 402 does not match the value at bus 7183
[warn | PowerModels]: the voltage setpoint on generator 119 does not match the value at bus 2197
[warn | PowerModels]: the voltage setpoint on generator 236 does not match the value at bus 4128
[warn | PowerModels]: the voltage setpoint on generator 42 does not match the value at bus 807
[warn | PowerModels]: the voltage setpoint on generator 33 does not match the value at bus 739
[warn | PowerModels]: the voltage setpoint on generator 28 does not match the value at bus 642
[warn | PowerModels]: the voltage setpoint on generator 52 does not match the value at bus 976
[warn | PowerModels]: the voltage setpoint on generator 381 does not match the value at bus 6831
[warn | PowerModels]: the voltage setpoint on generator 439 does not match the value at bus 7929
[warn | PowerModels]: the voltage setpoint on generator 347 does not match the value at bus 6092
[warn | PowerModels]: the voltage setpoint on generator 121 does not match the value at bus 2225
[warn | PowerModels]: the voltage setpoint on generator 451 does not match the value at bus 8222
[warn | PowerModels]: the voltage setpoint on generator 497 does not match the value at bus 9001
[warn | PowerModels]: the voltage setpoint on generator 504 does not match the value at bus 9108
[warn | PowerModels]: the voltage setpoint on generator 290 does not match the value at bus 5091
[warn | PowerModels]: the voltage setpoint on generator 115 does not match the value at bus 2107
[warn | PowerModels]: the voltage setpoint on generator 395 does not match the value at bus 7056
[warn | PowerModels]: the voltage setpoint on generator 409 does not match the value at bus 7282
[warn | PowerModels]: the voltage setpoint on generator 314 does not match the value at bus 5486
[warn | PowerModels]: the voltage setpoint on generator 351 does not match the value at bus 6153
[warn | PowerModels]: the voltage setpoint on generator 509 does not match the value at bus 9180
[warn | PowerModels]: the voltage setpoint on generator 163 does not match the value at bus 2930
[warn | PowerModels]: the voltage setpoint on generator 339 does not match the value at bus 5970
[warn | PowerModels]: the voltage setpoint on generator 481 does not match the value at bus 8858
[warn | PowerModels]: the voltage setpoint on generator 281 does not match the value at bus 4957
[warn | PowerModels]: the voltage setpoint on generator 58 does not match the value at bus 1043
[warn | PowerModels]: the voltage setpoint on generator 25 does not match the value at bus 618
[warn | PowerModels]: the voltage setpoint on generator 114 does not match the value at bus 2096
[warn | PowerModels]: the voltage setpoint on generator 374 does not match the value at bus 6656
[warn | PowerModels]: the voltage setpoint on generator 166 does not match the value at bus 2985
[warn | PowerModels]: the voltage setpoint on generator 31 does not match the value at bus 698
[warn | PowerModels]: the voltage setpoint on generator 274 does not match the value at bus 4880
[warn | PowerModels]: the voltage setpoint on generator 370 does not match the value at bus 6516
[warn | PowerModels]: the voltage setpoint on generator 206 does not match the value at bus 3659
[warn | PowerModels]: the voltage setpoint on generator 279 does not match the value at bus 4952
[warn | PowerModels]: the voltage setpoint on generator 280 does not match the value at bus 4954
[warn | PowerModels]: the voltage setpoint on generator 313 does not match the value at bus 5482
[warn | PowerModels]: the voltage setpoint on generator 364 does not match the value at bus 6415
[warn | PowerModels]: the voltage setpoint on generator 484 does not match the value at bus 8875
[warn | PowerModels]: the voltage setpoint on generator 44 does not match the value at bus 849
[warn | PowerModels]: the voltage setpoint on generator 169 does not match the value at bus 3054
[warn | PowerModels]: the voltage setpoint on generator 129 does not match the value at bus 2421
[warn | PowerModels]: the voltage setpoint on generator 189 does not match the value at bus 3364
[warn | PowerModels]: the voltage setpoint on generator 150 does not match the value at bus 2797
[warn | PowerModels]: the voltage setpoint on generator 259 does not match the value at bus 4657
[warn | PowerModels]: the voltage setpoint on generator 94 does not match the value at bus 1788
[warn | PowerModels]: the voltage setpoint on generator 352 does not match the value at bus 6168
[warn | PowerModels]: the voltage setpoint on generator 288 does not match the value at bus 5065
[warn | PowerModels]: the voltage setpoint on generator 412 does not match the value at bus 7328
[warn | PowerModels]: the voltage setpoint on generator 429 does not match the value at bus 7755
[warn | PowerModels]: the voltage setpoint on generator 430 does not match the value at bus 7761
[warn | PowerModels]: the voltage setpoint on generator 479 does not match the value at bus 8807
[warn | PowerModels]: the voltage setpoint on generator 99 does not match the value at bus 1851
[warn | PowerModels]: the voltage setpoint on generator 207 does not match the value at bus 3661
[warn | PowerModels]: the voltage setpoint on generator 47 does not match the value at bus 891
[warn | PowerModels]: the voltage setpoint on generator 330 does not match the value at bus 5814
[warn | PowerModels]: the voltage setpoint on generator 73 does not match the value at bus 1354
[warn | PowerModels]: the voltage setpoint on generator 82 does not match the value at bus 1498
[warn | PowerModels]: the voltage setpoint on generator 285 does not match the value at bus 5025
[warn | PowerModels]: the voltage setpoint on generator 310 does not match the value at bus 5461
[warn | PowerModels]: the voltage setpoint on generator 433 does not match the value at bus 7808
[warn | PowerModels]: the voltage setpoint on generator 406 does not match the value at bus 7267
[warn | PowerModels]: the voltage setpoint on generator 79 does not match the value at bus 1458
[warn | PowerModels]: the voltage setpoint on generator 437 does not match the value at bus 7860
[warn | PowerModels]: the voltage setpoint on generator 216 does not match the value at bus 3791
[warn | PowerModels]: the voltage setpoint on generator 377 does not match the value at bus 6798
[warn | PowerModels]: the voltage setpoint on generator 84 does not match the value at bus 1604
[warn | PowerModels]: the voltage setpoint on generator 325 does not match the value at bus 5709
[warn | PowerModels]: the voltage setpoint on generator 104 does not match the value at bus 1909
[warn | PowerModels]: the voltage setpoint on generator 124 does not match the value at bus 2276
[warn | PowerModels]: the voltage setpoint on generator 238 does not match the value at bus 4192
[warn | PowerModels]: the voltage setpoint on generator 209 does not match the value at bus 3689
[warn | PowerModels]: the voltage setpoint on generator 185 does not match the value at bus 3334
[warn | PowerModels]: the voltage setpoint on generator 267 does not match the value at bus 4783
[warn | PowerModels]: the voltage setpoint on generator 70 does not match the value at bus 1271
[warn | PowerModels]: the voltage setpoint on generator 410 does not match the value at bus 7303
[warn | PowerModels]: the voltage setpoint on generator 427 does not match the value at bus 7661
[warn | PowerModels]: the voltage setpoint on generator 507 does not match the value at bus 9150
[warn | PowerModels]: the voltage setpoint on generator 349 does not match the value at bus 6138
[warn | PowerModels]: the voltage setpoint on generator 391 does not match the value at bus 6982
[warn | PowerModels]: the voltage setpoint on generator 191 does not match the value at bus 3416
[warn | PowerModels]: the voltage setpoint on generator 8 does not match the value at bus 194
[warn | PowerModels]: the voltage setpoint on generator 304 does not match the value at bus 5348
[warn | PowerModels]: the voltage setpoint on generator 338 does not match the value at bus 5940
[warn | PowerModels]: the voltage setpoint on generator 198 does not match the value at bus 3582
[warn | PowerModels]: the voltage setpoint on generator 64 does not match the value at bus 1173
[warn | PowerModels]: the voltage setpoint on generator 222 does not match the value at bus 3869
[warn | PowerModels]: the voltage setpoint on generator 343 does not match the value at bus 5994
[warn | PowerModels]: the voltage setpoint on generator 91 does not match the value at bus 1721
[warn | PowerModels]: the voltage setpoint on generator 60 does not match the value at bus 1093
[warn | PowerModels]: the voltage setpoint on generator 158 does not match the value at bus 2872
[warn | PowerModels]: the voltage setpoint on generator 156 does not match the value at bus 2842
[warn | PowerModels]: the voltage setpoint on generator 229 does not match the value at bus 4016
[warn | PowerModels]: the voltage setpoint on generator 348 does not match the value at bus 6131
[warn | PowerModels]: the voltage setpoint on generator 498 does not match the value at bus 9039
[warn | PowerModels]: the voltage setpoint on generator 144 does not match the value at bus 2658
[warn | PowerModels]: the voltage setpoint on generator 420 does not match the value at bus 7508
[warn | PowerModels]: the voltage setpoint on generator 220 does not match the value at bus 3825
[warn | PowerModels]: the voltage setpoint on generator 22 does not match the value at bus 583
[warn | PowerModels]: the voltage setpoint on generator 11 does not match the value at bus 299
[warn | PowerModels]: the voltage setpoint on generator 271 does not match the value at bus 4843
[warn | PowerModels]: the voltage setpoint on generator 383 does not match the value at bus 6845
[warn | PowerModels]: the voltage setpoint on generator 434 does not match the value at bus 7819
[warn | PowerModels]: the voltage setpoint on generator 324 does not match the value at bus 5670
[warn | PowerModels]: the voltage setpoint on generator 483 does not match the value at bus 8872
[warn | PowerModels]: the voltage setpoint on generator 277 does not match the value at bus 4931
[warn | PowerModels]: the voltage setpoint on generator 398 does not match the value at bus 7104
[warn | PowerModels]: the voltage setpoint on generator 16 does not match the value at bus 440
[warn | PowerModels]: the voltage setpoint on generator 490 does not match the value at bus 8961
[warn | PowerModels]: the voltage setpoint on generator 331 does not match the value at bus 5821
[warn | PowerModels]: the voltage setpoint on generator 506 does not match the value at bus 9140
[warn | PowerModels]: the voltage setpoint on generator 40 does not match the value at bus 795
[warn | PowerModels]: the voltage setpoint on generator 72 does not match the value at bus 1341
[warn | PowerModels]: the voltage setpoint on generator 128 does not match the value at bus 2412
[warn | PowerModels]: the voltage setpoint on generator 472 does not match the value at bus 8676
[warn | PowerModels]: the voltage setpoint on generator 145 does not match the value at bus 2660
[warn | PowerModels]: the voltage setpoint on generator 36 does not match the value at bus 757
[warn | PowerModels]: the voltage setpoint on generator 95 does not match the value at bus 1793
[warn | PowerModels]: the voltage setpoint on generator 138 does not match the value at bus 2550
[warn | PowerModels]: the voltage setpoint on generator 336 does not match the value at bus 5856
[warn | PowerModels]: the voltage setpoint on generator 414 does not match the value at bus 7431
[warn | PowerModels]: the voltage setpoint on generator 294 does not match the value at bus 5144
[warn | PowerModels]: the voltage setpoint on generator 353 does not match the value at bus 6179
[warn | PowerModels]: the voltage setpoint on generator 232 does not match the value at bus 4056
[warn | PowerModels]: the voltage setpoint on generator 153 does not match the value at bus 2816

******************************************************************************
This program contains Ipopt, a library for large-scale nonlinear optimization.
 Ipopt is released as open source code under the Eclipse Public License (EPL).
         For more information visit http://projects.coin-or.org/Ipopt
******************************************************************************

Progress:   0%|                                         |  ETA: 2 days, 5:31:10[KProgress:   0%|                                         |  ETA: 1 days, 14:18:42[KProgress:   0%|                                         |  ETA: 1 days, 9:07:13[KProgress:   0%|                                         |  ETA: 1 days, 6:33:49[KProgress:   0%|                                         |  ETA: 1 days, 5:03:41[KProgress:   0%|                                         |  ETA: 1 days, 4:09:07[KProgress:   0%|                                         |  ETA: 1 days, 3:36:06[KProgress:   0%|                                         |  ETA: 1 days, 3:04:27[KProgress:   0%|                                         |  ETA: 1 days, 2:40:25[KProgress:   0%|                                         |  ETA: 1 days, 2:17:02[KProgress:   0%|                                         |  ETA: 1 days, 2:05:16[KProgress:   0%|                                         |  ETA: 1 days, 1:45:19[KProgress:   0%|                                         |  ETA: 1 days, 1:34:26[KProgress:   0%|                                         |  ETA: 1 days, 1:22:14[KProgress:   0%|                                         |  ETA: 1 days, 1:14:12[KProgress:   0%|                                         |  ETA: 1 days, 1:04:35[KProgress:   0%|                                         |  ETA: 1 days, 0:56:02[KProgress:   0%|                                         |  ETA: 1 days, 0:50:38[KProgress:   0%|                                         |  ETA: 1 days, 0:47:42[KProgress:   0%|                                         |  ETA: 1 days, 0:41:18[KProgress:   0%|                                         |  ETA: 1 days, 0:35:37[KProgress:   0%|                                         |  ETA: 1 days, 0:30:24[KProgress:   0%|                                         |  ETA: 1 days, 0:27:16[KProgress:   0%|                                         |  ETA: 1 days, 0:21:30[KProgress:   0%|                                       