successfully obtained license
failed to connect to server
Working on case1951_rte: data_file = pglib-opf/pglib_opf_case1951_rte.m[warn | PowerModels]: active generators found at bus 14, updating to bus type from 1 to 2
[warn | PowerModels]: no active generators found at bus 1985, updating to bus type from 2 to 1
[warn | PowerModels]: active generators found at bus 876, updating to bus type from 1 to 2
[warn | PowerModels]: active generators found at bus 885, updating to bus type from 1 to 2
[warn | PowerModels]: no active generators found at bus 707, updating to bus type from 2 to 1
[warn | PowerModels]: active generators found at bus 448, updating to bus type from 1 to 2
[warn | PowerModels]: no active generators found at bus 1945, updating to bus type from 2 to 1
[warn | PowerModels]: no active generators found at bus 241, updating to bus type from 2 to 1
[warn | PowerModels]: active generators found at bus 1118, updating to bus type from 1 to 2
[warn | PowerModels]: active generators found at bus 82, updating to bus type from 1 to 2
[warn | PowerModels]: no active generators found at bus 2017, updating to bus type from 2 to 1
[warn | PowerModels]: no active generators found at bus 1872, updating to bus type from 2 to 1
[warn | PowerModels]: no active generators found at bus 1900, updating to bus type from 2 to 1
[warn | PowerModels]: no active generators found at bus 1871, updating to bus type from 2 to 1
[warn | PowerModels]: no active generators found at bus 1982, updating to bus type from 2 to 1
[warn | PowerModels]: no active generators found at bus 1756, updating to bus type from 2 to 1
[warn | PowerModels]: no active generators found at bus 1946, updating to bus type from 2 to 1
[warn | PowerModels]: no active generators found at bus 1983, updating to bus type from 2 to 1
[warn | PowerModels]: no active generators found at bus 396, updating to bus type from 2 to 1
[warn | PowerModels]: active generators found at bus 1005, updating to bus type from 1 to 2
[warn | PowerModels]: no active generators found at bus 1984, updating to bus type from 2 to 1
[warn | PowerModels]: no active generators found at bus 355, updating to bus type from 2 to 1
[warn | PowerModels]: no active generators found at bus 1771, updating to bus type from 2 to 1
[warn | PowerModels]: no active generators found at bus 2045, updating to bus type from 2 to 1
[warn | PowerModels]: active generators found at bus 858, updating to bus type from 1 to 2
[warn | PowerModels]: no active generators found at bus 1988, updating to bus type from 2 to 1
[warn | PowerModels]: no active generators found at bus 2081, updating to bus type from 2 to 1
[warn | PowerModels]: no active generators found at bus 1927, updating to bus type from 2 to 1
[warn | PowerModels]: the voltage setpoint on generator 306 does not match the value at bus 1755
[warn | PowerModels]: the voltage setpoint on generator 1 does not match the value at bus 1268
[warn | PowerModels]: the voltage setpoint on generator 54 does not match the value at bus 1629
[warn | PowerModels]: the voltage setpoint on generator 101 does not match the value at bus 1654
[warn | PowerModels]: the voltage setpoint on generator 371 does not match the value at bus 2004
[warn | PowerModels]: the voltage setpoint on generator 41 does not match the value at bus 58
[warn | PowerModels]: the voltage setpoint on generator 65 does not match the value at bus 1849
[warn | PowerModels]: the voltage setpoint on generator 335 does not match the value at bus 1982
[warn | PowerModels]: the voltage setpoint on generator 362 does not match the value at bus 1778
[warn | PowerModels]: the voltage setpoint on generator 326 does not match the value at bus 1764
[warn | PowerModels]: the voltage setpoint on generator 299 does not match the value at bus 1962
[warn | PowerModels]: the voltage setpoint on generator 168 does not match the value at bus 1696
[warn | PowerModels]: the voltage setpoint on generator 159 does not match the value at bus 1886
[warn | PowerModels]: the voltage setpoint on generator 228 does not match the value at bus 1918
[warn | PowerModels]: the voltage setpoint on generator 332 does not match the value at bus 1979
[warn | PowerModels]: the voltage setpoint on generator 190 does not match the value at bus 1899
[warn | PowerModels]: the voltage setpoint on generator 227 does not match the value at bus 1917
[warn | PowerModels]: the voltage setpoint on generator 270 does not match the value at bus 1952
[warn | PowerModels]: the voltage setpoint on generator 223 does not match the value at bus 1724
[warn | PowerModels]: the voltage setpoint on generator 88 does not match the value at bus 1857
[warn | PowerModels]: the voltage setpoint on generator 297 does not match the value at bus 1752
[warn | PowerModels]: the voltage setpoint on generator 26 does not match the value at bus 270
[warn | PowerModels]: the voltage setpoint on generator 289 does not match the value at bus 1745
[warn | PowerModels]: the voltage setpoint on generator 250 does not match the value at bus 1937
[warn | PowerModels]: the voltage setpoint on generator 77 does not match the value at bus 1639
[warn | PowerModels]: the voltage setpoint on generator 230 does not match the value at bus 1920
[warn | PowerModels]: the voltage setpoint on generator 24 does not match the value at bus 241
[warn | PowerModels]: the voltage setpoint on generator 258 does not match the value at bus 1943
[warn | PowerModels]: the voltage setpoint on generator 328 does not match the value at bus 1766
[warn | PowerModels]: the voltage setpoint on generator 204 does not match the value at bus 1717
[warn | PowerModels]: the voltage setpoint on generator 387 does not match the value at bus 1792
[warn | PowerModels]: the voltage setpoint on generator 23 does not match the value at bus 241
[warn | PowerModels]: the voltage setpoint on generator 160 does not match the value at bus 1887
[warn | PowerModels]: the voltage setpoint on generator 149 does not match the value at bus 1881
[warn | PowerModels]: the voltage setpoint on generator 359 does not match the value at bus 2000
[warn | PowerModels]: the voltage setpoint on generator 59 does not match the value at bus 1631
[warn | PowerModels]: the voltage setpoint on generator 184 does not match the value at bus 1894
[warn | PowerModels]: the voltage setpoint on generator 43 does not match the value at bus 474
[warn | PowerModels]: the voltage setpoint on generator 122 does not match the value at bus 1668
[warn | PowerModels]: the voltage setpoint on generator 253 does not match the value at bus 1940
[warn | PowerModels]: the voltage setpoint on generator 302 does not match the value at bus 2058
[warn | PowerModels]: the voltage setpoint on generator 175 does not match the value at bus 1703
[warn | PowerModels]: the voltage setpoint on generator 39 does not match the value at bus 897
[warn | PowerModels]: the voltage setpoint on generator 143 does not match the value at bus 1682
[warn | PowerModels]: the voltage setpoint on generator 112 does not match the value at bus 1864
[warn | PowerModels]: the voltage setpoint on generator 372 does not match the value at bus 2005
[warn | PowerModels]: the voltage setpoint on generator 34 does not match the value at bus 100
[warn | PowerModels]: the voltage setpoint on generator 293 does not match the value at bus 1748
[warn | PowerModels]: the voltage setpoint on generator 137 does not match the value at bus 1877
[warn | PowerModels]: the voltage setpoint on generator 55 does not match the value at bus 1842
[warn | PowerModels]: the voltage setpoint on generator 323 does not match the value at bus 1762
[warn | PowerModels]: the voltage setpoint on generator 17 does not match the value at bus 921
[warn | PowerModels]: the voltage setpoint on generator 243 does not match the value at bus 1930
[warn | PowerModels]: the voltage setpoint on generator 318 does not match the value at bus 1974
[warn | PowerModels]: the voltage setpoint on generator 9 does not match the value at bus 817
[warn | PowerModels]: the voltage setpoint on generator 172 does not match the value at bus 1700
[warn | PowerModels]: the voltage setpoint on generator 333 does not match the value at bus 1980
[warn | PowerModels]: the voltage setpoint on generator 363 does not match the value at bus 2001
[warn | PowerModels]: the voltage setpoint on generator 12 does not match the value at bus 1335
[warn | PowerModels]: the voltage setpoint on generator 192 does not match the value at bus 1709
[warn | PowerModels]: the voltage setpoint on generator 20 does not match the value at bus 169
[warn | PowerModels]: the voltage setpoint on generator 292 does not match the value at bus 1747
[warn | PowerModels]: the voltage setpoint on generator 350 does not match the value at bus 1995
[warn | PowerModels]: the voltage setpoint on generator 252 does not match the value at bus 1939
[warn | PowerModels]: the voltage setpoint on generator 357 does not match the value at bus 1998
[warn | PowerModels]: the voltage setpoint on generator 341 does not match the value at bus 1771
[warn | PowerModels]: the voltage setpoint on generator 14 does not match the value at bus 396
[warn | PowerModels]: the voltage setpoint on generator 167 does not match the value at bus 1695
[warn | PowerModels]: the voltage setpoint on generator 127 does not match the value at bus 1670
[warn | PowerModels]: the voltage setpoint on generator 96 does not match the value at bus 1650
[warn | PowerModels]: the voltage setpoint on generator 123 does not match the value at bus 1669
[warn | PowerModels]: the voltage setpoint on generator 177 does not match the value at bus 1704
[warn | PowerModels]: the voltage setpoint on generator 254 does not match the value at bus 1941
[warn | PowerModels]: the voltage setpoint on generator 300 does not match the value at bus 1963
[warn | PowerModels]: the voltage setpoint on generator 257 does not match the value at bus 1731
[warn | PowerModels]: the voltage setpoint on generator 19 does not match the value at bus 1255
[warn | PowerModels]: the voltage setpoint on generator 179 does not match the value at bus 1890
[warn | PowerModels]: the voltage setpoint on generator 242 does not match the value at bus 1929
[warn | PowerModels]: the voltage setpoint on generator 260 does not match the value at bus 1945
[warn | PowerModels]: the voltage setpoint on generator 239 does not match the value at bus 1728
[warn | PowerModels]: the voltage setpoint on generator 35 does not match the value at bus 707
[warn | PowerModels]: the voltage setpoint on generator 317 does not match the value at bus 1973
[warn | PowerModels]: the voltage setpoint on generator 197 does not match the value at bus 1900
[warn | PowerModels]: the voltage setpoint on generator 131 does not match the value at bus 1673
[warn | PowerModels]: the voltage setpoint on generator 276 does not match the value at bus 1737
[warn | PowerModels]: the voltage setpoint on generator 316 does not match the value at bus 1972
[warn | PowerModels]: the voltage setpoint on generator 365 does not match the value at bus 2002
[warn | PowerModels]: the voltage setpoint on generator 21 does not match the value at bus 448
[warn | PowerModels]: the voltage setpoint on generator 263 does not match the value at bus 1732
[warn | PowerModels]: the voltage setpoint on generator 83 does not match the value at bus 1644
[warn | PowerModels]: the voltage setpoint on generator 244 does not match the value at bus 1931
[warn | PowerModels]: the voltage setpoint on generator 45 does not match the value at bus 355
[warn | PowerModels]: the voltage setpoint on generator 295 does not match the value at bus 1750
[warn | PowerModels]: the voltage setpoint on generator 139 does not match the value at bus 1678
[warn | PowerModels]: the voltage setpoint on generator 181 does not match the value at bus 1892
[warn | PowerModels]: the voltage setpoint on generator 386 does not match the value at bus 2010
[warn | PowerModels]: the voltage setpoint on generator 368 does not match the value at bus 2028
[warn | PowerModels]: the voltage setpoint on generator 85 does not match the value at bus 1646
[warn | PowerModels]: the voltage setpoint on generator 105 does not match the value at bus 1658
[warn | PowerModels]: the voltage setpoint on generator 30 does not match the value at bus 180
[warn | PowerModels]: the voltage setpoint on generator 3 does not match the value at bus 1356
[warn | PowerModels]: the voltage setpoint on generator 309 does not match the value at bus 1757
[warn | PowerModels]: the voltage setpoint on generator 81 does not match the value at bus 1643
[warn | PowerModels]: the voltage setpoint on generator 296 does not match the value at bus 1751
[warn | PowerModels]: the voltage setpoint on generator 27 does not match the value at bus 885
[warn | PowerModels]: the voltage setpoint on generator 75 does not match the value at bus 1637
[warn | PowerModels]: the voltage setpoint on generator 50 does not match the value at bus 1005
[warn | PowerModels]: the voltage setpoint on generator 162 does not match the value at bus 1690
[warn | PowerModels]: the voltage setpoint on generator 63 does not match the value at bus 1847
[warn | PowerModels]: the voltage setpoint on generator 303 does not match the value at bus 1965
[warn | PowerModels]: the voltage setpoint on generator 92 does not match the value at bus 1860
[warn | PowerModels]: the voltage setpoint on generator 208 does not match the value at bus 1721
[warn | PowerModels]: the voltage setpoint on generator 214 does not match the value at bus 1908
[warn | PowerModels]: the voltage setpoint on generator 120 does not match the value at bus 1667
[warn | PowerModels]: the voltage setpoint on generator 224 does not match the value at bus 1725
[warn | PowerModels]: the voltage setpoint on generator 87 does not match the value at bus 1856
[warn | PowerModels]: the voltage setpoint on generator 117 does not match the value at bus 1867
[warn | PowerModels]: the voltage setpoint on generator 255 does not match the value at bus 1942
[warn | PowerModels]: the voltage setpoint on generator 178 does not match the value at bus 1705
[warn | PowerModels]: the voltage setpoint on generator 89 does not match the value at bus 1858
[warn | PowerModels]: the voltage setpoint on generator 275 does not match the value at bus 1736
[warn | PowerModels]: the voltage setpoint on generator 176 does not match the value at bus 1889
[warn | PowerModels]: the voltage setpoint on generator 182 does not match the value at bus 1706
[warn | PowerModels]: the voltage setpoint on generator 225 does not match the value at bus 1915
[warn | PowerModels]: the voltage setpoint on generator 195 does not match the value at bus 1712
[warn | PowerModels]: the voltage setpoint on generator 286 does not match the value at bus 1960
[warn | PowerModels]: the voltage setpoint on generator 249 does not match the value at bus 1936
[warn | PowerModels]: the voltage setpoint on generator 161 does not match the value at bus 1888
[warn | PowerModels]: the voltage setpoint on generator 202 does not match the value at bus 1715
[warn | PowerModels]: the voltage setpoint on generator 346 does not match the value at bus 1992
[warn | PowerModels]: the voltage setpoint on generator 389 does not match the value at bus 2012
[warn | PowerModels]: the voltage setpoint on generator 146 does not match the value at bus 1880
[warn | PowerModels]: the voltage setpoint on generator 142 does not match the value at bus 1681
[warn | PowerModels]: the voltage setpoint on generator 219 does not match the value at bus 1913
[warn | PowerModels]: the voltage setpoint on generator 256 does not match the value at bus 1730
[warn | PowerModels]: the voltage setpoint on generator 291 does not match the value at bus 1961
[warn | PowerModels]: the voltage setpoint on generator 80 does not match the value at bus 1642
[warn | PowerModels]: the voltage setpoint on generator 203 does not match the value at bus 1716
[warn | PowerModels]: the voltage setpoint on generator 308 does not match the value at bus 1756
[warn | PowerModels]: the voltage setpoint on generator 360 does not match the value at bus 2018
[warn | PowerModels]: the voltage setpoint on generator 113 does not match the value at bus 1865
[warn | PowerModels]: the voltage setpoint on generator 110 does not match the value at bus 1662
[warn | PowerModels]: the voltage setpoint on generator 322 does not match the value at bus 1761
[warn | PowerModels]: the voltage setpoint on generator 269 does not match the value at bus 1951
[warn | PowerModels]: the voltage setpoint on generator 157 does not match the value at bus 1688
[warn | PowerModels]: the voltage setpoint on generator 57 does not match the value at bus 1844
[warn | PowerModels]: the voltage setpoint on generator 165 does not match the value at bus 1693
[warn | PowerModels]: the voltage setpoint on generator 231 does not match the value at bus 1921
[warn | PowerModels]: the voltage setpoint on generator 384 does not match the value at bus 1790
[warn | PowerModels]: the voltage setpoint on generator 327 does not match the value at bus 1765
[warn | PowerModels]: the voltage setpoint on generator 173 does not match the value at bus 1701
[warn | PowerModels]: the voltage setpoint on generator 284 does not match the value at bus 1958
[warn | PowerModels]: the voltage setpoint on generator 200 does not match the value at bus 1901
[warn | PowerModels]: the voltage setpoint on generator 171 does not match the value at bus 1699
[warn | PowerModels]: the voltage setpoint on generator 233 does not match the value at bus 1923
[warn | PowerModels]: the voltage setpoint on generator 345 does not match the value at bus 1991
[warn | PowerModels]: the voltage setpoint on generator 130 does not match the value at bus 1671
[warn | PowerModels]: the voltage setpoint on generator 273 does not match the value at bus 1955
[warn | PowerModels]: the voltage setpoint on generator 319 does not match the value at bus 1975
[warn | PowerModels]: the voltage setpoint on generator 312 does not match the value at bus 1759
[warn | PowerModels]: the voltage setpoint on generator 15 does not match the value at bus 975
[warn | PowerModels]: the voltage setpoint on generator 61 does not match the value at bus 1846
[warn | PowerModels]: the voltage setpoint on generator 67 does not match the value at bus 1851
[warn | PowerModels]: the voltage setpoint on generator 247 does not match the value at bus 1934
[warn | PowerModels]: the voltage setpoint on generator 108 does not match the value at bus 1660
[warn | PowerModels]: the voltage setpoint on generator 100 does not match the value at bus 1653
[warn | PowerModels]: the voltage setpoint on generator 344 does not match the value at bus 1990
[warn | PowerModels]: the voltage setpoint on generator 385 does not match the value at bus 1791
[warn | PowerModels]: the voltage setpoint on generator 46 does not match the value at bus 471
[warn | PowerModels]: the voltage setpoint on generator 251 does not match the value at bus 1938
[warn | PowerModels]: the voltage setpoint on generator 170 does not match the value at bus 1698
[warn | PowerModels]: the voltage setpoint on generator 151 does not match the value at bus 1685
[warn | PowerModels]: the voltage setpoint on generator 248 does not match the value at bus 1935
[warn | PowerModels]: the voltage setpoint on generator 68 does not match the value at bus 1852
[warn | PowerModels]: the voltage setpoint on generator 56 does not match the value at bus 1843
[warn | PowerModels]: the voltage setpoint on generator 147 does not match the value at bus 2045
[warn | PowerModels]: the voltage setpoint on generator 76 does not match the value at bus 1638
[warn | PowerModels]: the voltage setpoint on generator 186 does not match the value at bus 1896
[warn | PowerModels]: the voltage setpoint on generator 342 does not match the value at bus 1988
[warn | PowerModels]: the voltage setpoint on generator 180 does not match the value at bus 1891
[warn | PowerModels]: the voltage setpoint on generator 135 does not match the value at bus 1875
[warn | PowerModels]: the voltage setpoint on generator 262 does not match the value at bus 1947
[warn | PowerModels]: the voltage setpoint on generator 48 does not match the value at bus 1321
[warn | PowerModels]: the voltage setpoint on generator 103 does not match the value at bus 1656
[warn | PowerModels]: the voltage setpoint on generator 355 does not match the value at bus 1996
[warn | PowerModels]: the voltage setpoint on generator 32 does not match the value at bus 803
[warn | PowerModels]: the voltage setpoint on generator 109 does not match the value at bus 1661
[warn | PowerModels]: the voltage setpoint on generator 264 does not match the value at bus 1948
[warn | PowerModels]: the voltage setpoint on generator 320 does not match the value at bus 1976
[warn | PowerModels]: the voltage setpoint on generator 217 does not match the value at bus 1911
[warn | PowerModels]: the voltage setpoint on generator 334 does not match the value at bus 1981
[warn | PowerModels]: the voltage setpoint on generator 2 does not match the value at bus 1268
[warn | PowerModels]: the voltage setpoint on generator 183 does not match the value at bus 1893
[warn | PowerModels]: the voltage setpoint on generator 155 does not match the value at bus 1686
[warn | PowerModels]: the voltage setpoint on generator 51 does not match the value at bus 14
[warn | PowerModels]: the voltage setpoint on generator 53 does not match the value at bus 1628
[warn | PowerModels]: the voltage setpoint on generator 106 does not match the value at bus 1863
[warn | PowerModels]: the voltage setpoint on generator 111 does not match the value at bus 1663
[warn | PowerModels]: the voltage setpoint on generator 141 does not match the value at bus 1680
[warn | PowerModels]: the voltage setpoint on generator 287 does not match the value at bus 1743
[warn | PowerModels]: the voltage setpoint on generator 93 does not match the value at bus 1861
[warn | PowerModels]: the voltage setpoint on generator 213 does not match the value at bus 1907
[warn | PowerModels]: the voltage setpoint on generator 278 does not match the value at bus 1739
[warn | PowerModels]: the voltage setpoint on generator 10 does not match the value at bus 817
[warn | PowerModels]: the voltage setpoint on generator 340 does not match the value at bus 1987
[warn | PowerModels]: the voltage setpoint on generator 356 does not match the value at bus 1997
[warn | PowerModels]: the voltage setpoint on generator 265 does not match the value at bus 1949
[warn | PowerModels]: the voltage setpoint on generator 215 does not match the value at bus 1909
[warn | PowerModels]: the voltage setpoint on generator 305 does not match the value at bus 1754
[warn | PowerModels]: the voltage setpoint on generator 154 does not match the value at bus 1885
[warn | PowerModels]: the voltage setpoint on generator 321 does not match the value at bus 1977
[warn | PowerModels]: the voltage setpoint on generator 358 does not match the value at bus 1999
[warn | PowerModels]: the voltage setpoint on generator 49 does not match the value at bus 1829
[warn | PowerModels]: the voltage setpoint on generator 218 does not match the value at bus 1912
[warn | PowerModels]: the voltage setpoint on generator 5 does not match the value at bus 1837
[warn | PowerModels]: the voltage setpoint on generator 62 does not match the value at bus 1632
[warn | PowerModels]: the voltage setpoint on generator 196 does not match the value at bus 1713
[warn | PowerModels]: the voltage setpoint on generator 90 does not match the value at bus 1859
[warn | PowerModels]: the voltage setpoint on generator 234 does not match the value at bus 1924
[warn | PowerModels]: the voltage setpoint on generator 205 does not match the value at bus 1718
[warn | PowerModels]: the voltage setpoint on generator 237 does not match the value at bus 1726
[warn | PowerModels]: the voltage setpoint on generator 201 does not match the value at bus 1902
[warn | PowerModels]: the voltage setpoint on generator 311 does not match the value at bus 1758
[warn | PowerModels]: the voltage setpoint on generator 390 does not match the value at bus 1793
[warn | PowerModels]: the voltage setpoint on generator 315 does not match the value at bus 1971
[warn | PowerModels]: the voltage setpoint on generator 298 does not match the value at bus 1753
[warn | PowerModels]: the voltage setpoint on generator 366 does not match the value at bus 2003
[warn | PowerModels]: the voltage setpoint on generator 164 does not match the value at bus 1692
[warn | PowerModels]: the voltage setpoint on generator 380 does not match the value at bus 1786
[warn | PowerModels]: the voltage setpoint on generator 86 does not match the value at bus 1647
[warn | PowerModels]: the voltage setpoint on generator 126 does not match the value at bus 1872
[warn | PowerModels]: the voltage setpoint on generator 152 does not match the value at bus 1883
[warn | PowerModels]: the voltage setpoint on generator 71 does not match the value at bus 1633
[warn | PowerModels]: the voltage setpoint on generator 37 does not match the value at bus 973
[warn | PowerModels]: the voltage setpoint on generator 226 does not match the value at bus 1916
[warn | PowerModels]: the voltage setpoint on generator 245 does not match the value at bus 1932
[warn | PowerModels]: the voltage setpoint on generator 266 does not match the value at bus 1733
[warn | PowerModels]: the voltage setpoint on generator 268 does not match the value at bus 1950
[warn | PowerModels]: the voltage setpoint on generator 6 does not match the value at bus 1837
[warn | PowerModels]: the voltage setpoint on generator 125 does not match the value at bus 1871
[warn | PowerModels]: the voltage setpoint on generator 98 does not match the value at bus 1652
[warn | PowerModels]: the voltage setpoint on generator 272 does not match the value at bus 1954
[warn | PowerModels]: the voltage setpoint on generator 379 does not match the value at bus 1785
[warn | PowerModels]: the voltage setpoint on generator 174 does not match the value at bus 1702
[warn | PowerModels]: the voltage setpoint on generator 187 does not match the value at bus 1897
[warn | PowerModels]: the voltage setpoint on generator 7 does not match the value at bus 125
[warn | PowerModels]: the voltage setpoint on generator 361 does not match the value at bus 1777
[warn | PowerModels]: the voltage setpoint on generator 261 does not match the value at bus 1946
[warn | PowerModels]: the voltage setpoint on generator 194 does not match the value at bus 1711
[warn | PowerModels]: the voltage setpoint on generator 140 does not match the value at bus 1679
[warn | PowerModels]: the voltage setpoint on generator 337 does not match the value at bus 1984
[warn | PowerModels]: the voltage setpoint on generator 107 does not match the value at bus 1659
[warn | PowerModels]: the voltage setpoint on generator 102 does not match the value at bus 1655
[warn | PowerModels]: the voltage setpoint on generator 69 does not match the value at bus 1853
[warn | PowerModels]: the voltage setpoint on generator 354 does not match the value at bus 1776
[warn | PowerModels]: the voltage setpoint on generator 282 does not match the value at bus 1742
[warn | PowerModels]: the voltage setpoint on generator 97 does not match the value at bus 1651
[warn | PowerModels]: the voltage setpoint on generator 4 does not match the value at bus 89
[warn | PowerModels]: the voltage setpoint on generator 221 does not match the value at bus 1722
[warn | PowerModels]: the voltage setpoint on generator 235 does not match the value at bus 1926
[warn | PowerModels]: the voltage setpoint on generator 212 does not match the value at bus 1906
[warn | PowerModels]: the voltage setpoint on generator 210 does not match the value at bus 1904
[warn | PowerModels]: the voltage setpoint on generator 369 does not match the value at bus 1781
[warn | PowerModels]: the voltage setpoint on generator 13 does not match the value at bus 396
[warn | PowerModels]: the voltage setpoint on generator 136 does not match the value at bus 1677
[warn | PowerModels]: the voltage setpoint on generator 211 does not match the value at bus 1905
[warn | PowerModels]: the voltage setpoint on generator 134 does not match the value at bus 1676
[warn | PowerModels]: the voltage setpoint on generator 133 does not match the value at bus 1675
[warn | PowerModels]: the voltage setpoint on generator 148 does not match the value at bus 2081
[warn | PowerModels]: the voltage setpoint on generator 240 does not match the value at bus 1928
[warn | PowerModels]: the voltage setpoint on generator 329 does not match the value at bus 1767
[warn | PowerModels]: the voltage setpoint on generator 193 does not match the value at bus 1710
[warn | PowerModels]: the voltage setpoint on generator 373 does not match the value at bus 2006
[warn | PowerModels]: the voltage setpoint on generator 118 does not match the value at bus 1666
[warn | PowerModels]: the voltage setpoint on generator 283 does not match the value at bus 1957
[warn | PowerModels]: the voltage setpoint on generator 246 does not match the value at bus 1933
[warn | PowerModels]: the voltage setpoint on generator 38 does not match the value at bus 1118
[warn | PowerModels]: the voltage setpoint on generator 375 does not match the value at bus 2008
[warn | PowerModels]: the voltage setpoint on generator 188 does not match the value at bus 1707
[warn | PowerModels]: the voltage setpoint on generator 307 does not match the value at bus 1968
[warn | PowerModels]: the voltage setpoint on generator 199 does not match the value at bus 1714
[warn | PowerModels]: the voltage setpoint on generator 116 does not match the value at bus 1665
[warn | PowerModels]: the voltage setpoint on generator 378 does not match the value at bus 1784
[warn | PowerModels]: the voltage setpoint on generator 376 does not match the value at bus 2009
[warn | PowerModels]: the voltage setpoint on generator 66 does not match the value at bus 1850
[warn | PowerModels]: the voltage setpoint on generator 241 does not match the value at bus 1729
[warn | PowerModels]: the voltage setpoint on generator 301 does not match the value at bus 1964
[warn | PowerModels]: the voltage setpoint on generator 18 does not match the value at bus 921
[warn | PowerModels]: the voltage setpoint on generator 132 does not match the value at bus 1674
[warn | PowerModels]: the voltage setpoint on generator 29 does not match the value at bus 876
[warn | PowerModels]: the voltage setpoint on generator 78 does not match the value at bus 1640
[warn | PowerModels]: the voltage setpoint on generator 388 does not match the value at bus 2011
[warn | PowerModels]: the voltage setpoint on generator 367 does not match the value at bus 1780
[warn | PowerModels]: the voltage setpoint on generator 382 does not match the value at bus 1788
[warn | PowerModels]: the voltage setpoint on generator 74 does not match the value at bus 1636
[warn | PowerModels]: the voltage setpoint on generator 119 does not match the value at bus 1868
[warn | PowerModels]: the voltage setpoint on generator 236 does not match the value at bus 1927
[warn | PowerModels]: the voltage setpoint on generator 42 does not match the value at bus 82
[warn | PowerModels]: the voltage setpoint on generator 33 does not match the value at bus 356
[warn | PowerModels]: the voltage setpoint on generator 28 does not match the value at bus 885
[warn | PowerModels]: the voltage setpoint on generator 52 does not match the value at bus 14
[warn | PowerModels]: the voltage setpoint on generator 381 does not match the value at bus 1787
[warn | PowerModels]: the voltage setpoint on generator 347 does not match the value at bus 1993
[warn | PowerModels]: the voltage setpoint on generator 121 does not match the value at bus 1869
[warn | PowerModels]: the voltage setpoint on generator 290 does not match the value at bus 1746
[warn | PowerModels]: the voltage setpoint on generator 115 does not match the value at bus 1664
[warn | PowerModels]: the voltage setpoint on generator 314 does not match the value at bus 1970
[warn | PowerModels]: the voltage setpoint on generator 351 does not match the value at bus 1773
[warn | PowerModels]: the voltage setpoint on generator 163 does not match the value at bus 1691
[warn | PowerModels]: the voltage setpoint on generator 339 does not match the value at bus 1986
[warn | PowerModels]: the voltage setpoint on generator 281 does not match the value at bus 1741
[warn | PowerModels]: the voltage setpoint on generator 58 does not match the value at bus 1630
[warn | PowerModels]: the voltage setpoint on generator 25 does not match the value at bus 241
[warn | PowerModels]: the voltage setpoint on generator 114 does not match the value at bus 1866
[warn | PowerModels]: the voltage setpoint on generator 374 does not match the value at bus 2007
[warn | PowerModels]: the voltage setpoint on generator 166 does not match the value at bus 1694
[warn | PowerModels]: the voltage setpoint on generator 31 does not match the value at bus 46
[warn | PowerModels]: the voltage setpoint on generator 274 does not match the value at bus 1735
[warn | PowerModels]: the voltage setpoint on generator 370 does not match the value at bus 1782
[warn | PowerModels]: the voltage setpoint on generator 206 does not match the value at bus 1719
[warn | PowerModels]: the voltage setpoint on generator 279 does not match the value at bus 1740
[warn | PowerModels]: the voltage setpoint on generator 280 does not match the value at bus 1956
[warn | PowerModels]: the voltage setpoint on generator 313 does not match the value at bus 1760
[warn | PowerModels]: the voltage setpoint on generator 364 does not match the value at bus 1779
[warn | PowerModels]: the voltage setpoint on generator 44 does not match the value at bus 1221
[warn | PowerModels]: the voltage setpoint on generator 169 does not match the value at bus 1697
[warn | PowerModels]: the voltage setpoint on generator 129 does not match the value at bus 1874
[warn | PowerModels]: the voltage setpoint on generator 189 does not match the value at bus 1898
[warn | PowerModels]: the voltage setpoint on generator 150 does not match the value at bus 1882
[warn | PowerModels]: the voltage setpoint on generator 259 does not match the value at bus 1944
[warn | PowerModels]: the voltage setpoint on generator 94 does not match the value at bus 1648
[warn | PowerModels]: the voltage setpoint on generator 352 does not match the value at bus 1774
[warn | PowerModels]: the voltage setpoint on generator 288 does not match the value at bus 1744
[warn | PowerModels]: the voltage setpoint on generator 99 does not match the value at bus 1862
[warn | PowerModels]: the voltage setpoint on generator 207 does not match the value at bus 1720
[warn | PowerModels]: the voltage setpoint on generator 47 does not match the value at bus 1321
[warn | PowerModels]: the voltage setpoint on generator 330 does not match the value at bus 1769
[warn | PowerModels]: the voltage setpoint on generator 73 does not match the value at bus 1635
[warn | PowerModels]: the voltage setpoint on generator 82 does not match the value at bus 1855
[warn | PowerModels]: the voltage setpoint on generator 285 does not match the value at bus 1959
[warn | PowerModels]: the voltage setpoint on generator 310 does not match the value at bus 1969
[warn | PowerModels]: the voltage setpoint on generator 79 does not match the value at bus 1641
[warn | PowerModels]: the voltage setpoint on generator 216 does not match the value at bus 1910
[warn | PowerModels]: the voltage setpoint on generator 377 does not match the value at bus 1783
[warn | PowerModels]: the voltage setpoint on generator 84 does not match the value at bus 1645
[warn | PowerModels]: the voltage setpoint on generator 325 does not match the value at bus 1763
[warn | PowerModels]: the voltage setpoint on generator 104 does not match the value at bus 1657
[warn | PowerModels]: the voltage setpoint on generator 124 does not match the value at bus 1870
[warn | PowerModels]: the voltage setpoint on generator 238 does not match the value at bus 1727
[warn | PowerModels]: the voltage setpoint on generator 209 does not match the value at bus 1903
[warn | PowerModels]: the voltage setpoint on generator 185 does not match the value at bus 1895
[warn | PowerModels]: the voltage setpoint on generator 267 does not match the value at bus 1734
[warn | PowerModels]: the voltage setpoint on generator 70 does not match the value at bus 1854
[warn | PowerModels]: the voltage setpoint on generator 349 does not match the value at bus 1772
[warn | PowerModels]: the voltage setpoint on generator 391 does not match the value at bus 1794
[warn | PowerModels]: the voltage setpoint on generator 191 does not match the value at bus 1708
[warn | PowerModels]: the voltage setpoint on generator 8 does not match the value at bus 908
[warn | PowerModels]: the voltage setpoint on generator 304 does not match the value at bus 1966
[warn | PowerModels]: the voltage setpoint on generator 338 does not match the value at bus 1985
[warn | PowerModels]: the voltage setpoint on generator 198 does not match the value at bus 2017
[warn | PowerModels]: the voltage setpoint on generator 64 does not match the value at bus 1848
[warn | PowerModels]: the voltage setpoint on generator 222 does not match the value at bus 1723
[warn | PowerModels]: the voltage setpoint on generator 343 does not match the value at bus 1989
[warn | PowerModels]: the voltage setpoint on generator 91 does not match the value at bus 2070
[warn | PowerModels]: the voltage setpoint on generator 60 does not match the value at bus 1845
[warn | PowerModels]: the voltage setpoint on generator 158 does not match the value at bus 1689
[warn | PowerModels]: the voltage setpoint on generator 156 does not match the value at bus 1687
[warn | PowerModels]: the voltage setpoint on generator 229 does not match the value at bus 1919
[warn | PowerModels]: the voltage setpoint on generator 348 does not match the value at bus 1994
[warn | PowerModels]: the voltage setpoint on generator 144 does not match the value at bus 1683
[warn | PowerModels]: the voltage setpoint on generator 220 does not match the value at bus 1914
[warn | PowerModels]: the voltage setpoint on generator 22 does not match the value at bus 241
[warn | PowerModels]: the voltage setpoint on generator 11 does not match the value at bus 817
[warn | PowerModels]: the voltage setpoint on generator 271 does not match the value at bus 1953
[warn | PowerModels]: the voltage setpoint on generator 383 does not match the value at bus 1789
[warn | PowerModels]: the voltage setpoint on generator 324 does not match the value at bus 1978
[warn | PowerModels]: the voltage setpoint on generator 277 does not match the value at bus 1738
[warn | PowerModels]: the voltage setpoint on generator 16 does not match the value at bus 858
[warn | PowerModels]: the voltage setpoint on generator 331 does not match the value at bus 1770
[warn | PowerModels]: the voltage setpoint on generator 40 does not match the value at bus 897
[warn | PowerModels]: the voltage setpoint on generator 72 does not match the value at bus 1634
[warn | PowerModels]: the voltage setpoint on generator 128 does not match the value at bus 1873
[warn | PowerModels]: the voltage setpoint on generator 145 does not match the value at bus 1684
[warn | PowerModels]: the voltage setpoint on generator 36 does not match the value at bus 973
[warn | PowerModels]: the voltage setpoint on generator 95 does not match the value at bus 1649
[warn | PowerModels]: the voltage setpoint on generator 138 does not match the value at bus 1878
[warn | PowerModels]: the voltage setpoint on generator 336 does not match the value at bus 1983
[warn | PowerModels]: the voltage setpoint on generator 294 does not match the value at bus 1749
[warn | PowerModels]: the voltage setpoint on generator 353 does not match the value at bus 1775
[warn | PowerModels]: the voltage setpoint on generator 232 does not match the value at bus 1922
[warn | PowerModels]: the voltage setpoint on generator 153 does not match the value at bus 1884

******************************************************************************
This program contains Ipopt, a library for large-scale nonlinear optimization.
 Ipopt is released as open source code under the Eclipse Public License (EPL).
         For more information visit http://projects.coin-or.org/Ipopt
******************************************************************************

Progress:   0%|                                         |  ETA: 3 days, 2:06:12[KProgress:   0%|                                         |  ETA: 1 days, 19:41:32[KProgress:   0%|                                         |  ETA: 1 days, 9:25:58[KProgress:   0%|                                         |  ETA: 1 days, 4:29:54[KProgress:   0%|                                         |  ETA: 1 days, 1:23:18[KProgress:   0%|                                         |  ETA: 23:29:22[KProgress:   0%|                                         |  ETA: 21:56:59[KProgress:   0%|                                         |  ETA: 20:52:08[KProgress:   0%|                                         |  ETA: 19:57:21[KProgress:   0%|                                         |  ETA: 19:15:32[KProgress:   0%|                                         |  ETA: 18:43:12[KProgress:   0%|                                         |  ETA: 18:16:26[KProgress:   0%|                                         |  ETA: 17:53:29[KProgress:   0%|                                         |  ETA: 17:32:52[KProgress:   0%|                                         |  ETA: 17:17:23[KProgress:   0%|                                         |  ETA: 17:02:13[KProgress:   0%|                                         |  ETA: 16:47:39[KProgress:   0%|                                         |  ETA: 16:37:39[KProgress:   0%|                                         |  ETA: 16:27:40[KProgress:   0%|                                         |  ETA: 16:16:03[KProgress:   0%|                                         |  ETA: 16:06:20[KProgress:   0%|                                         |  ETA: 15:57:25[KProgress:   0%|                                         |  ETA: 15:50:39[KProgress:   0%|                                         |  ETA: 15:43:52[KProgress:   0%|                                         |  ETA: 15:39:38[KProgress:   0%|                                         |  ETA: 15:35:30[KProgress:   0%|                                         |  ETA: 15:32:49[KProgress:   0%|                                         |  ETA: 15:27:54[KProgress:   0%|                                         |  ETA: 15:23:47[KProgress:   0%|                                         |  ETA: 15:19:21[KProgress:   0%|                                         |  ETA: 15:15:21[KProgress:   0%|                                         |  ETA: 15:11:51[KProgress:   0%|                                         |  ETA: 15:07:13[KProgress:   0%|                                         |  ETA: 15:03:53[KProgress:   0%|                                         |  ETA: 15:00:12[KProgress:   0%|                                         |  ETA: 14:57:12[KProgress:   0%|                                         |  ETA: 14:53:57[KProgress:   0%|                                         |  ETA: 14:50:26[KProgress:   0%|                                         |  ETA: 14:47:46[KProgress:   0%|                                         |  ETA: 14:46:00[KProgress:   0%|                                         |  ETA: 14:44:15[KProgress:   0%|                                         |  ETA: 14:41:51[KProgress:   1%|                                         |  ETA: 14:39:40[KProgress:   1%|                                         |  ETA: 14:37:01[KProgress:   1%|                                         |  ETA: 14:35:27[KProgress:   1%|                                         |  ETA: 14:33:29[KProgress:   1%|                                         |  ETA: 14:31:34[KProgress:   1%|                                         |  ETA: 14:29:20[KProgress:   1%|                                         |  ETA: 14:27:52[KProgress:   1%|                                         |  ETA: 14:26:21[KProgress:   1%|                                         |  ETA: 14:24:16[KProgress:   1%|                                         |  ETA: 14:22:51[KProgress:   1%|                                         |  ETA: 14:21:28[KProgress:   1%|                