successfully obtained license
failed to connect to server
Working on case2737sop_k: data_file = pglib-opf/pglib_opf_case2737sop_k.m[info | PowerModels]: extending matpower format with data: areas 1x2
[warn | PowerModels]: active generators found at bus 1873, updating to bus type from 1 to 2
[warn | PowerModels]: active generators found at bus 1731, updating to bus type from 1 to 2
[warn | PowerModels]: active generators found at bus 1930, updating to bus type from 1 to 2
[warn | PowerModels]: active generators found at bus 451, updating to bus type from 1 to 2
[warn | PowerModels]: active generators found at bus 1646, updating to bus type from 1 to 2
[warn | PowerModels]: active generators found at bus 2150, updating to bus type from 1 to 2
[warn | PowerModels]: the voltage setpoint on generator 306 does not match the value at bus 2215
[warn | PowerModels]: the voltage setpoint on generator 1 does not match the value at bus 17
[warn | PowerModels]: the voltage setpoint on generator 54 does not match the value at bus 133
[warn | PowerModels]: the voltage setpoint on generator 101 does not match the value at bus 311
[warn | PowerModels]: the voltage setpoint on generator 371 does not match the value at bus 2702
[warn | PowerModels]: the voltage setpoint on generator 41 does not match the value at bus 106
[warn | PowerModels]: the voltage setpoint on generator 65 does not match the value at bus 150
[warn | PowerModels]: the voltage setpoint on generator 335 does not match the value at bus 2468
[warn | PowerModels]: the voltage setpoint on generator 362 does not match the value at bus 2644
[warn | PowerModels]: the voltage setpoint on generator 326 does not match the value at bus 2367
[warn | PowerModels]: the voltage setpoint on generator 299 does not match the value at bus 2097
[warn | PowerModels]: the voltage setpoint on generator 168 does not match the value at bus 1002
[warn | PowerModels]: the voltage setpoint on generator 159 does not match the value at bus 846
[warn | PowerModels]: the voltage setpoint on generator 228 does not match the value at bus 1435
[warn | PowerModels]: the voltage setpoint on generator 332 does not match the value at bus 2452
[warn | PowerModels]: the voltage setpoint on generator 190 does not match the value at bus 1154
[warn | PowerModels]: the voltage setpoint on generator 227 does not match the value at bus 1436
[warn | PowerModels]: the voltage setpoint on generator 270 does not match the value at bus 1963
[warn | PowerModels]: the voltage setpoint on generator 223 does not match the value at bus 1433
[warn | PowerModels]: the voltage setpoint on generator 88 does not match the value at bus 215
[warn | PowerModels]: the voltage setpoint on generator 297 does not match the value at bus 2092
[warn | PowerModels]: the voltage setpoint on generator 26 does not match the value at bus 57
[warn | PowerModels]: the voltage setpoint on generator 289 does not match the value at bus 2042
[warn | PowerModels]: the voltage setpoint on generator 250 does not match the value at bus 1794
[warn | PowerModels]: the voltage setpoint on generator 77 does not match the value at bus 164
[warn | PowerModels]: the voltage setpoint on generator 230 does not match the value at bus 1462
[warn | PowerModels]: the voltage setpoint on generator 24 does not match the value at bus 54
[warn | PowerModels]: the voltage setpoint on generator 394 does not match the value at bus 2726
[warn | PowerModels]: the voltage setpoint on generator 258 does not match the value at bus 1873
[warn | PowerModels]: the voltage setpoint on generator 328 does not match the value at bus 2432
[warn | PowerModels]: the voltage setpoint on generator 204 does not match the value at bus 1287
[warn | PowerModels]: the voltage setpoint on generator 387 does not match the value at bus 386
[warn | PowerModels]: the voltage setpoint on generator 23 does not match the value at bus 55
[warn | PowerModels]: the voltage setpoint on generator 160 does not match the value at bus 846
[warn | PowerModels]: the voltage setpoint on generator 149 does not match the value at bus 764
[warn | PowerModels]: the voltage setpoint on generator 359 does not match the value at bus 2629
[warn | PowerModels]: the voltage setpoint on generator 59 does not match the value at bus 146
[warn | PowerModels]: the voltage setpoint on generator 184 does not match the value at bus 1115
[warn | PowerModels]: the voltage setpoint on generator 43 does not match the value at bus 116
[warn | PowerModels]: the voltage setpoint on generator 122 does not match the value at bus 537
[warn | PowerModels]: the voltage setpoint on generator 253 does not match the value at bus 1795
[warn | PowerModels]: the voltage setpoint on generator 302 does not match the value at bus 2176
[warn | PowerModels]: the voltage setpoint on generator 175 does not match the value at bus 1014
[warn | PowerModels]: the voltage setpoint on generator 39 does not match the value at bus 104
[warn | PowerModels]: the voltage setpoint on generator 143 does not match the value at bus 666
[warn | PowerModels]: the voltage setpoint on generator 112 does not match the value at bus 369
[warn | PowerModels]: the voltage setpoint on generator 372 does not match the value at bus 2702
[warn | PowerModels]: the voltage setpoint on generator 34 does not match the value at bus 79
[warn | PowerModels]: the voltage setpoint on generator 293 does not match the value at bus 2064
[warn | PowerModels]: the voltage setpoint on generator 137 does not match the value at bus 561
[warn | PowerModels]: the voltage setpoint on generator 55 does not match the value at bus 134
[warn | PowerModels]: the voltage setpoint on generator 323 does not match the value at bus 2355
[warn | PowerModels]: the voltage setpoint on generator 17 does not match the value at bus 43
[warn | PowerModels]: the voltage setpoint on generator 243 does not match the value at bus 1686
[warn | PowerModels]: the voltage setpoint on generator 318 does not match the value at bus 2329
[warn | PowerModels]: the voltage setpoint on generator 9 does not match the value at bus 28
[warn | PowerModels]: the voltage setpoint on generator 172 does not match the value at bus 1007
[warn | PowerModels]: the voltage setpoint on generator 333 does not match the value at bus 2454
[warn | PowerModels]: the voltage setpoint on generator 363 does not match the value at bus 2649
[warn | PowerModels]: the voltage setpoint on generator 12 does not match the value at bus 29
[warn | PowerModels]: the voltage setpoint on generator 192 does not match the value at bus 1155
[warn | PowerModels]: the voltage setpoint on generator 20 does not match the value at bus 44
[warn | PowerModels]: the voltage setpoint on generator 292 does not match the value at bus 2064
[warn | PowerModels]: the voltage setpoint on generator 350 does not match the value at bus 2564
[warn | PowerModels]: the voltage setpoint on generator 252 does not match the value at bus 1794
[warn | PowerModels]: the voltage setpoint on generator 357 does not match the value at bus 2607
[warn | PowerModels]: the voltage setpoint on generator 341 does not match the value at bus 2489
[warn | PowerModels]: the voltage setpoint on generator 14 does not match the value at bus 42
[warn | PowerModels]: the voltage setpoint on generator 167 does not match the value at bus 981
[warn | PowerModels]: the voltage setpoint on generator 127 does not match the value at bus 538
[warn | PowerModels]: the voltage setpoint on generator 96 does not match the value at bus 310
[warn | PowerModels]: the voltage setpoint on generator 123 does not match the value at bus 537
[warn | PowerModels]: the voltage setpoint on generator 177 does not match the value at bus 1014
[warn | PowerModels]: the voltage setpoint on generator 254 does not match the value at bus 1837
[warn | PowerModels]: the voltage setpoint on generator 300 does not match the value at bus 2119
[warn | PowerModels]: the voltage setpoint on generator 257 does not match the value at bus 1873
[warn | PowerModels]: the voltage setpoint on generator 19 does not match the value at bus 43
[warn | PowerModels]: the voltage setpoint on generator 179 does not match the value at bus 1016
[warn | PowerModels]: the voltage setpoint on generator 242 does not match the value at bus 1685
[warn | PowerModels]: the voltage setpoint on generator 396 does not match the value at bus 2728
[warn | PowerModels]: the voltage setpoint on generator 260 does not match the value at bus 1874
[warn | PowerModels]: the voltage setpoint on generator 239 does not match the value at bus 1674
[warn | PowerModels]: the voltage setpoint on generator 35 does not match the value at bus 82
[warn | PowerModels]: the voltage setpoint on generator 317 does not match the value at bus 2329
[warn | PowerModels]: the voltage setpoint on generator 197 does not match the value at bus 1247
[warn | PowerModels]: the voltage setpoint on generator 131 does not match the value at bus 560
[warn | PowerModels]: the voltage setpoint on generator 276 does not match the value at bus 1998
[warn | PowerModels]: the voltage setpoint on generator 316 does not match the value at bus 2297
[warn | PowerModels]: the voltage setpoint on generator 365 does not match the value at bus 2663
[warn | PowerModels]: the voltage setpoint on generator 21 does not match the value at bus 44
[warn | PowerModels]: the voltage setpoint on generator 263 does not match the value at bus 1927
[warn | PowerModels]: the voltage setpoint on generator 83 does not match the value at bus 205
[warn | PowerModels]: the voltage setpoint on generator 244 does not match the value at bus 1686
[warn | PowerModels]: the voltage setpoint on generator 45 does not match the value at bus 118
[warn | PowerModels]: the voltage setpoint on generator 295 does not match the value at bus 2091
[warn | PowerModels]: the voltage setpoint on generator 139 does not match the value at bus 574
[warn | PowerModels]: the voltage setpoint on generator 181 does not match the value at bus 1026
[warn | PowerModels]: the voltage setpoint on generator 386 does not match the value at bus 155
[warn | PowerModels]: the voltage setpoint on generator 368 does not match the value at bus 2685
[warn | PowerModels]: the voltage setpoint on generator 85 does not match the value at bus 206
[warn | PowerModels]: the voltage setpoint on generator 105 does not match the value at bus 314
[warn | PowerModels]: the voltage setpoint on generator 30 does not match the value at bus 78
[warn | PowerModels]: the voltage setpoint on generator 3 does not match the value at bus 26
[warn | PowerModels]: the voltage setpoint on generator 309 does not match the value at bus 2236
[warn | PowerModels]: the voltage setpoint on generator 81 does not match the value at bus 180
[warn | PowerModels]: the voltage setpoint on generator 296 does not match the value at bus 2091
[warn | PowerModels]: the voltage setpoint on generator 27 does not match the value at bus 57
[warn | PowerModels]: the voltage setpoint on generator 75 does not match the value at bus 156
[warn | PowerModels]: the voltage setpoint on generator 392 does not match the value at bus 2724
[warn | PowerModels]: the voltage setpoint on generator 50 does not match the value at bus 127
[warn | PowerModels]: the voltage setpoint on generator 162 does not match the value at bus 901
[warn | PowerModels]: the voltage setpoint on generator 63 does not match the value at bus 148
[warn | PowerModels]: the voltage setpoint on generator 303 does not match the value at bus 2203
[warn | PowerModels]: the voltage setpoint on generator 92 does not match the value at bus 240
[warn | PowerModels]: the voltage setpoint on generator 208 does not match the value at bus 1344
[warn | PowerModels]: the voltage setpoint on generator 214 does not match the value at bus 1364
[warn | PowerModels]: the voltage setpoint on generator 120 does not match the value at bus 537
[warn | PowerModels]: the voltage setpoint on generator 224 does not match the value at bus 1433
[warn | PowerModels]: the voltage setpoint on generator 87 does not match the value at bus 215
[warn | PowerModels]: the voltage setpoint on generator 117 does not match the value at bus 453
[warn | PowerModels]: the voltage setpoint on generator 255 does not match the value at bus 1837
[warn | PowerModels]: the voltage setpoint on generator 178 does not match the value at bus 1016
[warn | PowerModels]: the voltage setpoint on generator 89 does not match the value at bus 215
[warn | PowerModels]: the voltage setpoint on generator 275 does not match the value at bus 1998
[warn | PowerModels]: the voltage setpoint on generator 176 does not match the value at bus 1014
[warn | PowerModels]: the voltage setpoint on generator 182 does not match the value at bus 1027
[warn | PowerModels]: the voltage setpoint on generator 225 does not match the value at bus 1434
[warn | PowerModels]: the voltage setpoint on generator 195 does not match the value at bus 1181
[warn | PowerModels]: the voltage setpoint on generator 286 does not match the value at bus 2016
[warn | PowerModels]: the voltage setpoint on generator 249 does not match the value at bus 1794
[warn | PowerModels]: the voltage setpoint on generator 161 does not match the value at bus 878
[warn | PowerModels]: the voltage setpoint on generator 202 does not match the value at bus 1249
[warn | PowerModels]: the voltage setpoint on generator 346 does not match the value at bus 2530
[warn | PowerModels]: the voltage setpoint on generator 389 does not match the value at bus 1007
[warn | PowerModels]: the voltage setpoint on generator 146 does not match the value at bus 692
[warn | PowerModels]: the voltage setpoint on generator 142 does not match the value at bus 665
[warn | PowerModels]: the voltage setpoint on generator 219 does not match the value at bus 1377
[warn | PowerModels]: the voltage setpoint on generator 256 does not match the value at bus 1839
[warn | PowerModels]: the voltage setpoint on generator 291 does not match the value at bus 2057
[warn | PowerModels]: the voltage setpoint on generator 80 does not match the value at bus 165
[warn | PowerModels]: the voltage setpoint on generator 203 does not match the value at bus 1249
[warn | PowerModels]: the voltage setpoint on generator 308 does not match the value at bus 2229
[warn | PowerModels]: the voltage setpoint on generator 360 does not match the value at bus 2633
[warn | PowerModels]: the voltage setpoint on generator 113 does not match the value at bus 386
[warn | PowerModels]: the voltage setpoint on generator 110 does not match the value at bus 367
[warn | PowerModels]: the voltage setpoint on generator 322 does not match the value at bus 2355
[warn | PowerModels]: the voltage setpoint on generator 269 does not match the value at bus 1959
[warn | PowerModels]: the voltage setpoint on generator 157 does not match the value at bus 846
[warn | PowerModels]: the voltage setpoint on generator 57 does not match the value at bus 135
[warn | PowerModels]: the voltage setpoint on generator 165 does not match the value at bus 976
[warn | PowerModels]: the voltage setpoint on generator 231 does not match the value at bus 1462
[warn | PowerModels]: the voltage setpoint on generator 384 does not match the value at bus 1731
[warn | PowerModels]: the voltage setpoint on generator 327 does not match the value at bus 2371
[warn | PowerModels]: the voltage setpoint on generator 173 does not match the value at bus 1007
[warn | PowerModels]: the voltage setpoint on generator 284 does not match the value at bus 2015
[warn | PowerModels]: the voltage setpoint on generator 200 does not match the value at bus 1248
[warn | PowerModels]: the voltage setpoint on generator 171 does not match the value at bus 1006
[warn | PowerModels]: the voltage setpoint on generator 233 does not match the value at bus 1645
[warn | PowerModels]: the voltage setpoint on generator 345 does not match the value at bus 2527
[warn | PowerModels]: the voltage setpoint on generator 130 does not match the value at bus 560
[warn | PowerModels]: the voltage setpoint on generator 273 does not match the value at bus 1966
[warn | PowerModels]: the voltage setpoint on generator 319 does not match the value at bus 2329
[warn | PowerModels]: the voltage setpoint on generator 312 does not match the value at bus 2266
[warn | PowerModels]: the voltage setpoint on generator 15 does not match the value at bus 42
[warn | PowerModels]: the voltage setpoint on generator 61 does not match the value at bus 148
[warn | PowerModels]: the voltage setpoint on generator 67 does not match the value at bus 151
[warn | PowerModels]: the voltage setpoint on generator 247 does not match the value at bus 1685
[warn | PowerModels]: the voltage setpoint on generator 108 does not match the value at bus 323
[warn | PowerModels]: the voltage setpoint on generator 100 does not match the value at bus 310
[warn | PowerModels]: the voltage setpoint on generator 344 does not match the value at bus 2510
[warn | PowerModels]: the voltage setpoint on generator 385 does not match the value at bus 28
[warn | PowerModels]: the voltage setpoint on generator 46 does not match the value at bus 125
[warn | PowerModels]: the voltage setpoint on generator 251 does not match the value at bus 1794
[warn | PowerModels]: the voltage setpoint on generator 170 does not match the value at bus 1007
[warn | PowerModels]: the voltage setpoint on generator 151 does not match the value at bus 797
[warn | PowerModels]: the voltage setpoint on generator 248 does not match the value at bus 1777
[warn | PowerModels]: the voltage setpoint on generator 68 does not match the value at bus 155
[warn | PowerModels]: the voltage setpoint on generator 56 does not match the value at bus 134
[warn | PowerModels]: the voltage setpoint on generator 147 does not match the value at bus 717
[warn | PowerModels]: the voltage setpoint on generator 76 does not match the value at bus 158
[warn | PowerModels]: the voltage setpoint on generator 186 does not match the value at bus 1116
[warn | PowerModels]: the voltage setpoint on generator 342 does not match the value at bus 2492
[warn | PowerModels]: the voltage setpoint on generator 180 does not match the value at bus 1025
[warn | PowerModels]: the voltage setpoint on generator 135 does not match the value at bus 561
[warn | PowerModels]: the voltage setpoint on generator 262 does not match the value at bus 1908
[warn | PowerModels]: the voltage setpoint on generator 48 does not match the value at bus 126
[warn | PowerModels]: the voltage setpoint on generator 103 does not match the value at bus 312
[warn | PowerModels]: the voltage setpoint on generator 355 does not match the value at bus 2583
[warn | PowerModels]: the voltage setpoint on generator 393 does not match the value at bus 2725
[warn | PowerModels]: the voltage setpoint on generator 32 does not match the value at bus 79
[warn | PowerModels]: the voltage setpoint on generator 109 does not match the value at bus 366
[warn | PowerModels]: the voltage setpoint on generator 264 does not match the value at bus 1927
[warn | PowerModels]: the voltage setpoint on generator 320 does not match the value at bus 2332
[warn | PowerModels]: the voltage setpoint on generator 217 does not match the value at bus 1375
[warn | PowerModels]: the voltage setpoint on generator 334 does not match the value at bus 2460
[warn | PowerModels]: the voltage setpoint on generator 2 does not match the value at bus 17
[warn | PowerModels]: the voltage setpoint on generator 183 does not match the value at bus 1114
[warn | PowerModels]: the voltage setpoint on generator 155 does not match the value at bus 808
[warn | PowerModels]: the voltage setpoint on generator 51 does not match the value at bus 132
[warn | PowerModels]: the voltage setpoint on generator 53 does not match the value at bus 133
[warn | PowerModels]: the voltage setpoint on generator 106 does not match the value at bus 314
[warn | PowerModels]: the voltage setpoint on generator 111 does not match the value at bus 368
[warn | PowerModels]: the voltage setpoint on generator 141 does not match the value at bus 627
[warn | PowerModels]: the voltage setpoint on generator 287 does not match the value at bus 2036
[warn | PowerModels]: the voltage setpoint on generator 93 does not match the value at bus 247
[warn | PowerModels]: the voltage setpoint on generator 213 does not match the value at bus 1354
[warn | PowerModels]: the voltage setpoint on generator 278 does not match the value at bus 2002
[warn | PowerModels]: the voltage setpoint on generator 10 does not match the value at bus 28
[warn | PowerModels]: the voltage setpoint on generator 340 does not match the value at bus 2486
[warn | PowerModels]: the voltage setpoint on generator 356 does not match the value at bus 2590
[warn | PowerModels]: the voltage setpoint on generator 265 does not match the value at bus 1929
[warn | PowerModels]: the voltage setpoint on generator 215 does not match the value at bus 1364
[warn | PowerModels]: the voltage setpoint on generator 305 does not match the value at bus 2209
[warn | PowerModels]: the voltage setpoint on generator 154 does not match the value at bus 797
[warn | PowerModels]: the voltage setpoint on generator 321 does not match the value at bus 2344
[warn | PowerModels]: the voltage setpoint on generator 358 does not match the value at bus 2626
[warn | PowerModels]: the voltage setpoint on generator 49 does not match the value at bus 127
[warn | PowerModels]: the voltage setpoint on generator 218 does not match the value at bus 1376
[warn | PowerModels]: the voltage setpoint on generator 5 does not match the value at bus 27
[warn | PowerModels]: the voltage setpoint on generator 62 does not match the value at bus 148
[warn | PowerModels]: the voltage setpoint on generator 196 does not match the value at bus 1189
[warn | PowerModels]: the voltage setpoint on generator 90 does not match the value at bus 221
[warn | PowerModels]: the voltage setpoint on generator 234 does not match the value at bus 1645
[warn | PowerModels]: the voltage setpoint on generator 205 does not match the value at bus 1288
[warn | PowerModels]: the voltage setpoint on generator 237 does not match the value at bus 1645
[warn | PowerModels]: the voltage setpoint on generator 201 does not match the value at bus 1248
[warn | PowerModels]: the voltage setpoint on generator 311 does not match the value at bus 2255
[warn | PowerModels]: the voltage setpoint on generator 390 does not match the value at bus 1873
[warn | PowerModels]: the voltage setpoint on generator 315 does not match the value at bus 2296
[warn | PowerModels]: the voltage setpoint on generator 298 does not match the value at bus 2094
[warn | PowerModels]: the voltage setpoint on generator 366 does not match the value at bus 2668
[warn | PowerModels]: the voltage setpoint on generator 164 does not match the value at bus 901
[warn | PowerModels]: the voltage setpoint on generator 380 does not match the value at bus 2721
[warn | PowerModels]: the voltage setpoint on generator 86 does not match the value at bus 215
[warn | PowerModels]: the voltage setpoint on generator 126 does not match the value at bus 538
[warn | PowerModels]: the voltage setpoint on generator 152 does not match the value at bus 797
[warn | PowerModels]: the voltage setpoint on generator 71 does not match the value at bus 155
[warn | PowerModels]: the voltage setpoint on generator 37 does not match the value at bus 98
[warn | PowerModels]: the voltage setpoint on generator 226 does not match the value at bus 1434
[warn | PowerModels]: the voltage setpoint on generator 399 does not match the value at bus 2731
[warn | PowerModels]: the voltage setpoint on generator 245 does not match the value at bus 1686
[warn | PowerModels]: the voltage setpoint on generator 266 does not match the value at bus 1930
[warn | PowerModels]: the voltage setpoint on generator 268 does not match the value at bus 1948
[warn | PowerModels]: the voltage setpoint on generator 6 does not match the value at bus 27
[warn | PowerModels]: the voltage setpoint on generator 125 does not match the value at bus 538
[warn | PowerModels]: the voltage setpoint on generator 98 does not match the value at bus 310
[warn | PowerModels]: the voltage setpoint on generator 272 does not match the value at bus 1965
[warn | PowerModels]: the voltage setpoint on generator 379 does not match the value at bus 2721
[warn | PowerModels]: the voltage setpoint on generator 174 does not match the value at bus 1008
[warn | PowerModels]: the voltage setpoint on generator 187 does not match the value at bus 1153
[warn | PowerModels]: the voltage setpoint on generator 7 does not match the value at bus 26
[warn | PowerModels]: the voltage setpoint on generator 361 does not match the value at bus 2635
[warn | PowerModels]: the voltage setpoint on generator 261 does not match the value at bus 1907
[warn | PowerModels]: the voltage setpoint on generator 194 does not match the value at bus 1181
[warn | PowerModels]: the voltage setpoint on generator 140 does not match the value at bus 627
[warn | PowerModels]: the voltage setpoint on generator 397 does not match the value at bus 2729
[warn | PowerModels]: the voltage setpoint on generator 337 does not match the value at bus 2482
[warn | PowerModels]: the voltage setpoint on generator 107 does not match the value at bus 315
[warn | PowerModels]: the voltage setpoint on generator 102 does not match the value at bus 311
[warn | PowerModels]: the voltage setpoint on generator 69 does not match the value at bus 155
[warn | PowerModels]: the voltage setpoint on generator 354 does not match the value at bus 2579
[warn | PowerModels]: the voltage setpoint on generator 282 does not match the value at bus 2015
[warn | PowerModels]: the voltage setpoint on generator 97 does not match the value at bus 310
[warn | PowerModels]: the voltage setpoint on generator 4 does not match the value at bus 27
[warn | PowerModels]: the voltage setpoint on generator 221 does not match the value at bus 1416
[warn | PowerModels]: the voltage setpoint on generator 235 does not match the value at bus 1645
[warn | PowerModels]: the voltage setpoint on generator 212 does not match the value at bus 1352
[warn | PowerModels]: the voltage setpoint on generator 210 does not match the value at bus 1352
[warn | PowerModels]: the voltage setpoint on generator 369 does not match the value at bus 2696
[warn | PowerModels]: the voltage setpoint on generator 13 does not match the value at bus 29
[warn | PowerModels]: the voltage setpoint on generator 136 does not match the value at bus 561
[warn | PowerModels]: the voltage setpoint on generator 211 does not match the value at bus 1353
[warn | PowerModels]: the voltage setpoint on generator 134 does not match the value at bus 560
[warn | PowerModels]: the voltage setpoint on generator 133 does not match the value at bus 560
[warn | PowerModels]: the voltage setpoint on generator 148 does not match the value at bus 741
[warn | PowerModels]: the voltage setpoint on generator 240 does not match the value at bus 1674
[warn | PowerModels]: the voltage setpoint on generator 329 does not match the value at bus 2432
[warn | PowerModels]: the voltage setpoint on generator 193 does not match the value at bus 1180
[warn | PowerModels]: the voltage setpoint on generator 373 does not match the value at bus 2702
[warn | PowerModels]: the voltage setpoint on generator 118 does not match the value at bus 453
[warn | PowerModels]: the voltage setpoint on generator 283 does not match the value at bus 2015
[warn | PowerModels]: the voltage setpoint on generator 246 does not match the value at bus 1686
[warn | PowerModels]: the voltage setpoint on generator 38 does not match the value at bus 98
[warn | PowerModels]: the voltage setpoint on generator 375 does not match the value at bus 2703
[warn | PowerModels]: the voltage setpoint on generator 188 does not match the value at bus 1153
[warn | PowerModels]: the voltage setpoint on generator 307 does not match the value at bus 2216
[warn | PowerModels]: the voltage setpoint on generator 199 does not match the value at bus 1248
[warn | PowerModels]: the voltage setpoint on generator 116 does not match the value at bus 444
[warn | PowerModels]: the voltage setpoint on generator 378 does not match the value at bus 2721
[warn | PowerModels]: the voltage setpoint on generator 376 does not match the value at bus 2713
[warn | PowerModels]: the voltage setpoint on generator 66 does not match the value at bus 151
[warn | PowerModels]: the voltage setpoint on generator 241 does not match the value at bus 1675
[warn | PowerModels]: the voltage setpoint on generator 301 does not match the value at bus 2141
[warn | PowerModels]: the voltage setpoint on generator 18 does not match the value at bus 43
[warn | PowerModels]: the voltage setpoint on generator 132 does not match the value at bus 560
[warn | PowerModels]: the voltage setpoint on generator 29 does not match the value at bus 58
[warn | PowerModels]: the voltage setpoint on generator 78 does not match the value at bus 164
[warn | PowerModels]: the voltage setpoint on generator 388 does not match the value at bus 846
[warn | PowerModels]: the voltage setpoint on generator 367 does not match the value at bus 2676
[warn | PowerModels]: the voltage setpoint on generator 382 does not match the value at bus 2150
[warn | PowerModels]: the voltage setpoint on generator 74 does not match the value at bus 156
[warn | PowerModels]: the voltage setpoint on generator 119 does not match the value at bus 486
[warn | PowerModels]: the voltage setpoint on generator 236 does not match the value at bus 1645
[warn | PowerModels]: the voltage setpoint on generator 42 does not match the value at bus 107
[warn | PowerModels]: the voltage setpoint on generator 33 does not match the value at bus 79
[warn | PowerModels]: the voltage setpoint on generator 28 does not match the value at bus 57
[warn | PowerModels]: the voltage setpoint on generator 52 does not match the value at bus 132
[warn | PowerModels]: the voltage setpoint on generator 381 does not match the value at bus 451
[warn | PowerModels]: the voltage setpoint on generator 347 does not match the value at bus 2547
[warn | PowerModels]: the voltage setpoint on generator 121 does not match the value at bus 537
[warn | PowerModels]: the voltage setpoint on generator 290 does not match the value at bus 2047
[warn | PowerModels]: the voltage setpoint on generator 115 does not match the value at bus 387
[warn | PowerModels]: the voltage setpoint on generator 395 does not match the value at bus 2727
[warn | PowerModels]: the voltage setpoint on generator 314 does not match the value at bus 2294
[warn | PowerModels]: the voltage setpoint on generator 351 does not match the value at bus 2569
[warn | PowerModels]: the voltage setpoint on generator 163 does not match the value at bus 901
[warn | PowerModels]: the voltage setpoint on generator 339 does not match the value at bus 2484
[warn | PowerModels]: the voltage setpoint on generator 281 does not match the value at bus 2008
[warn | PowerModels]: the voltage setpoint on generator 58 does not match the value at bus 146
[warn | PowerModels]: the voltage setpoint on generator 25 does not match the value at bus 56
[warn | PowerModels]: the voltage setpoint on generator 114 does not match the value at bus 386
[warn | PowerModels]: the voltage setpoint on generator 374 does not match the value at bus 2703
[warn | PowerModels]: the voltage setpoint on generator 166 does not match the value at bus 977
[warn | PowerModels]: the voltage setpoint on generator 31 does not match the value at bus 78
[warn | PowerModels]: the voltage setpoint on generator 274 does not match the value at bus 1992
[warn | PowerModels]: the voltage setpoint on generator 370 does not match the value at bus 2702
[warn | PowerModels]: the voltage setpoint on generator 206 does not match the value at bus 1289
[warn | PowerModels]: the voltage setpoint on generator 279 does not match the value at bus 2002
[warn | PowerModels]: the voltage setpoint on generator 280 does not match the value at bus 2003
[warn | PowerModels]: the voltage setpoint on generator 313 does not match the value at bus 2279
[warn | PowerModels]: the voltage setpoint on generator 364 does not match the value at bus 2654
[warn | PowerModels]: the voltage setpoint on generator 44 does not match the value at bus 117
[warn | PowerModels]: the voltage setpoint on generator 169 does not match the value at bus 1003
[warn | PowerModels]: the voltage setpoint on generator 129 does not match the value at bus 552
[warn | PowerModels]: the voltage setpoint on generator 189 does not match the value at bus 1154
[warn | PowerModels]: the voltage setpoint on generator 150 does not match the value at bus 793
[warn | PowerModels]: the voltage setpoint on generator 259 does not match the value at bus 1874
[warn | PowerModels]: the voltage setpoint on generator 94 does not match the value at bus 310
[warn | PowerModels]: the voltage setpoint on generator 352 does not match the value at bus 2572
[warn | PowerModels]: the voltage setpoint on generator 288 does not match the value at bus 2040
[warn | PowerModels]: the voltage setpoint on generator 99 does not match the value at bus 310
[warn | PowerModels]: the voltage setpoint on generator 207 does not match the value at bus 1343
[warn | PowerModels]: the voltage setpoint on generator 47 does not match the value at bus 126
[warn | PowerModels]: the voltage setpoint on generator 330 does not match the value at bus 2439
[warn | PowerModels]: the voltage setpoint on generator 73 does not match the value at bus 156
[warn | PowerModels]: the voltage setpoint on generator 82 does not match the value at bus 205
[warn | PowerModels]: the voltage setpoint on generator 285 does not match the value at bus 2016
[warn | PowerModels]: the voltage setpoint on generator 310 does not match the value at bus 2254
[warn | PowerModels]: the voltage setpoint on generator 79 does not match the value at bus 165
[warn | PowerModels]: the voltage setpoint on generator 216 does not match the value at bus 1375
[warn | PowerModels]: the voltage setpoint on generator 377 does not match the value at bus 2717
[warn | PowerModels]: the voltage setpoint on generator 84 does not match the value at bus 205
[warn | PowerModels]: the voltage setpoint on generator 325 does not match the value at bus 2361
[warn | PowerModels]: the voltage setpoint on generator 104 does not match the value at bus 312
[warn | PowerModels]: the voltage setpoint on generator 124 does not match the value at bus 537
[warn | PowerModels]: the voltage setpoint on generator 238 does not match the value at bus 1673
[warn | PowerModels]: the voltage setpoint on generator 209 does not match the value at bus 1344
[warn | PowerModels]: the voltage setpoint on generator 185 does not match the value at bus 1114
[warn | PowerModels]: the voltage setpoint on generator 267 does not match the value at bus 1945
[warn | PowerModels]: the voltage setpoint on generator 70 does not match the value at bus 155
[warn | PowerModels]: the voltage setpoint on generator 349 does not match the value at bus 2555
[warn | PowerModels]: the voltage setpoint on generator 391 does not match the value at bus 1930
[warn | PowerModels]: the voltage setpoint on generator 191 does not match the value at bus 1155
[warn | PowerModels]: the voltage setpoint on generator 8 does not match the value at bus 28
[warn | PowerModels]: the voltage setpoint on generator 304 does not match the value at bus 2204
[warn | PowerModels]: the voltage setpoint on generator 338 does not match the value at bus 2483
[warn | PowerModels]: the voltage setpoint on generator 198 does not match the value at bus 1247
[warn | PowerModels]: the voltage setpoint on generator 64 does not match the value at bus 148
[warn | PowerModels]: the voltage setpoint on generator 222 does not match the value at bus 1416
[warn | PowerModels]: the voltage setpoint on generator 343 does not match the value at bus 2501
[warn | PowerModels]: the voltage setpoint on generator 91 does not match the value at bus 222
[warn | PowerModels]: the voltage setpoint on generator 60 does not match the value at bus 147
[warn | PowerModels]: the voltage setpoint on generator 158 does not match the value at bus 846
[warn | PowerModels]: the voltage setpoint on generator 156 does not match the value at bus 809
[warn | PowerModels]: the voltage setpoint on generator 229 does not match the value at bus 1440
[warn | PowerModels]: the voltage setpoint on generator 348 does not match the value at bus 2548
[warn | PowerModels]: the voltage setpoint on generator 144 does not match the value at bus 686
[warn | PowerModels]: the voltage setpoint on generator 220 does not match the value at bus 1415
[warn | PowerModels]: the voltage setpoint on generator 22 does not match the value at bus 54
[warn | PowerModels]: the voltage setpoint on generator 11 does not match the value at bus 29
[warn | PowerModels]: the voltage setpoint on generator 271 does not match the value at bus 1965
[warn | PowerModels]: the voltage setpoint on generator 383 does not match the value at bus 1646
[warn | PowerModels]: the voltage setpoint on generator 324 does not match the value at bus 2356
[warn | PowerModels]: the voltage setpoint on generator 277 does not match the value at bus 1998
[warn | PowerModels]: the voltage setpoint on generator 398 does not match the value at bus 2730
[warn | PowerModels]: the voltage setpoint on generator 16 does not match the value at bus 42
[warn | PowerModels]: the voltage setpoint on generator 331 does not match the value at bus 2449
[warn | PowerModels]: the voltage setpoint on generator 40 does not match the value at bus 105
[warn | PowerModels]: the voltage setpoint on generator 72 does not match the value at bus 156
[warn | PowerModels]: the voltage setpoint on generator 128 does not match the value at bus 538
[warn | PowerModels]: the voltage setpoint on generator 145 does not match the value at bus 686
[warn | PowerModels]: the voltage setpoint on generator 36 does not match the value at bus 82
[warn | PowerModels]: the voltage setpoint on generator 95 does not match the value at bus 310
[warn | PowerModels]: the voltage setpoint on generator 138 does not match the value at bus 561
[warn | PowerModels]: the voltage setpoint on generator 336 does not match the value at bus 2471
[warn | PowerModels]: the voltage setpoint on generator 294 does not match the value at bus 2071
[warn | PowerModels]: the voltage setpoint on generator 353 does not match the value at bus 2574
[warn | PowerModels]: the voltage setpoint on generator 232 does not match the value at bus 1645
[warn | PowerModels]: the voltage setpoint on generator 153 does not match the value at bus 797

******************************************************************************
This program contains Ipopt, a library for large-scale nonlinear optimization.
 Ipopt is released as open source code under the Eclipse Public License (EPL).
         For more information visit http://projects.coin-or.org/Ipopt
******************************************************************************

Progress:   0%|                                         |  ETA: 1 days, 7:09:08[KProgress:   0%|                                         |  ETA: 22:19:19[KProgress:   0%|                                         |  ETA: 19:02:19[KProgress:   0%|                                         |  ETA: 17:31:11[KProgress:   0%|                                         |  ETA: 16:33:14[KProgress:   0%|                                         |  ETA: 15:52:25[KProgress:   0%|                                         |  ETA: 15:27:05[KProgress:   0%|                                         |  ETA: 15:07:26[KProgress:   0%|                                         |  ETA: 14:52:10[KProgress:   0%|                                         |  ETA: 14:42:12[KProgress:   0%|                                         |  ETA: 14:31:05[KProgress:   0%|                                         |  ETA: 14:18:09[KProgress:   0%|                                         |  ETA: 14:09:15[KProgress:   0%|                                         |  ETA: 14:02:33[KProgress:   0%|                                         |  ETA: 13:54:14[KProgress:   0%|                                         |  ETA: 13:48:30[KProgress:   0%|                                         |  ETA: 13:43:25[KProgress:   0%|                                         |  ETA: 13:40:26[KProgress:   0%|                                         |  ETA: 13:36:26[KProgress:   0%|                                         |  ETA: 13:35:36[KProgress:   0%|                                         |  ETA: 13:31:57[KProgress:   0%|                                         |  ETA: 13:28:43[KProgress:   0%|                                         |  ETA: 13:24:38[KProgress:   0%|                                         |  ETA: 13:23:04[KProgress:   0%|                                         |  ETA: 13:23:39[KProgress:   0%|                                         |  ETA: 13:20:13[KProgress:   0%|                                         |  ETA: 13:19:58[KProgress:   0%|                                         |  ETA: 13:20:19[KProgress:   0%|                                         |  ETA: 13:20:03[KProgress:   0%|                                         |  ETA: 13:17:15[KProgress:   0%|                                         |  ETA: 13:15:28[KProgress:   0%|                                         |  ETA: 13:15:20[KProgress:   0%|                                         |  ETA: 13:13:37[KProgress:   0%|                                         |  ETA: 13:11:57[KProgress:   0%|                                         |  ETA: 13:10:23[KProgress:   0%|                                         |  ETA: 13:09:38[KProgress:   0%|                                         |  ETA: 13:08:56[KProgress:   0%|                                         |  ETA: 13:06:53[KProgress:   0%|                                         |  ETA: 13:05:37[KProgress:   0%|                                         |  ETA: 13:05:03[KProgress:   0%|                                         |  ETA: 13:04:31[KProgress:   0%|                                         |  ETA: 13:04:47[KProgress:   1%|                                         |  ETA: 13:03:43[KProgress:   1%|                                         |  ETA: 13:01:27[KProgress:   1%|                                         |  ETA: 13:00:29[KProgress:   1%|                                         |  ETA: 12:58:56[KProgress:   1%|                                         |  ETA: 12:58:05[KProgress:   1%|                                         |  ETA: 12:56:37[KProgress:   1%|                                         |  ETA: 12:55:45[KProgress:   1%|                                         |  ETA: 12:55:26[KProgress:   1%|                                         |  ETA: 12:54:37[KProgress:   1%|                                         |  ETA: 12:53:20[KProgress:   1%|                                         |  ETA: 12:52:06[KProgress:   1%|                                         |  E